<?xml version="1.0" encoding="UTF-8"?>
<testsuites name="CreateUser_DeleteUser" time="50" tests="1" failures="1" errors="0">
   <testsuite name="CreateUser_DeleteUser" tests="1" failures="1" errors="0" time="50" timestamp="2018-08-14 12:14:27" hostname="i3 - i3-PC" id="Test Suites/CreateUser_DeleteUser">
      <properties>
         <property name="deviceName" value=""/>
         <property name="devicePlatform" value=""/>
         <property name="logFolder" value="C:\\Users\\i3\\Katalon Studio\\Databox_Katalon\\Reports\\CreateUser_DeleteUser\\20180814_121423"/>
         <property name="logFiles" value="C:\\Users\\i3\\Katalon Studio\\Databox_Katalon\\Reports\\CreateUser_DeleteUser\\20180814_121423\\execution0.log"/>
         <property name="attachments" value="C:\\Users\\i3\\Katalon Studio\\Databox_Katalon\\Reports\\CreateUser_DeleteUser\\20180814_121423\\1534241716264.png"/>
         <property name="hostName" value="i3 - i3-PC"/>
         <property name="os" value="Windows 7 64bit"/>
         <property name="katalonVersion" value="5.6.0.1"/>
         <property name="browser" value="Chrome 68.0.3440.106"/>
         <property name="hostAddress" value="192.168.1.140"/>
         <property name="sessionId" value="df8f32d7b9cd481fd7487ca116ccbe21"/>
         <property name="seleniumVersion" value="3.7.1"/>
         <property name="proxyInformation" value="ProxyInformation{proxyOption=NO_PROXY, proxyServerType=HTTP, password=, proxyServerAddress=, proxyServerPort=0}"/>
         <property name="platform" value="Windows 7"/>
      </properties>
      <testcase name="Test Cases/LoginAccountCompany" classname="Test Cases/LoginAccountCompany" status="PASSED">
         <system-out><![CDATA[2018-08-14 12:14:27 - [TEST_CASE][PASSED] - Test Cases/LoginAccountCompany: Test Cases/LoginAccountCompany

2018-08-14 12:14:28 - [TEST_STEP][PASSED] - openBrowser: Browser is opened with url: ''

2018-08-14 12:14:32 - [MESSAGE][PASSED] - Browser is opened with url: ''

2018-08-14 12:14:32 - [TEST_STEP][PASSED] - navigateToUrl: Navigate to 'https://app.databox.com/' successfully

2018-08-14 12:14:34 - [MESSAGE][PASSED] - Navigate to 'https://app.databox.com/' successfully

2018-08-14 12:14:34 - [TEST_STEP][PASSED] - setText: Text 'mihael+katalontest@databox.com' is set on object 'Object Repository/LoginAccountCompany/Page_Databox/input_email'

2018-08-14 12:14:35 - [MESSAGE][PASSED] - Text 'mihael+katalontest@databox.com' is set on object 'Object Repository/LoginAccountCompany/Page_Databox/input_email'

2018-08-14 12:14:35 - [TEST_STEP][PASSED] - setEncryptedText: Text ****** has been set on object 'Object Repository/LoginAccountCompany/Page_Databox/input_password'

2018-08-14 12:14:35 - [MESSAGE][PASSED] - Text ****** has been set on object 'Object Repository/LoginAccountCompany/Page_Databox/input_password'

2018-08-14 12:14:35 - [TEST_STEP][PASSED] - click: Object: 'Object Repository/LoginAccountCompany/Page_Databox/button_Sign in' is clicked on

2018-08-14 12:14:36 - [MESSAGE][PASSED] - Object: 'Object Repository/LoginAccountCompany/Page_Databox/button_Sign in' is clicked on]]></system-out>
         <system-err><![CDATA[]]></system-err>
      </testcase>
      <testcase name="Test Cases/CreateUser" classname="Test Cases/CreateUser" status="FAILED">
         <failure type="FAILED" message="Unable to set text 'user 2' of object 'Object Repository/CreateUser/Page_Databox/input_name' (Root cause: com.kms.katalon.core.webui.exception.WebElementNotFoundException: Web element with id: 'Object Repository/CreateUser/Page_Databox/input_name' located by 'By.xpath: //input[@id = 'ember137' and @name = 'name' and @placeholder = 'Name' and @type = 'text']' not found)"/>
         <system-out><![CDATA[2018-08-14 12:14:36 - [TEST_CASE][FAILED] - Test Cases/CreateUser: Test Cases/CreateUser FAILED because (of) Unable to set text 'user 2' of object 'Object Repository/CreateUser/Page_Databox/input_name' (Root cause: com.kms.katalon.core.webui.exception.WebElementNotFoundException: Web element with id: 'Object Repository/CreateUser/Page_Databox/input_name' located by 'By.xpath: //input[@id = 'ember137' and @name = 'name' and @placeholder = 'Name' and @type = 'text']' not found)

2018-08-14 12:14:36 - [TEST_STEP][PASSED] - click: Object: 'Object Repository/CreateUser/Page_Databox/a_KN        Account' is clicked on

2018-08-14 12:14:43 - [MESSAGE][PASSED] - Object: 'Object Repository/CreateUser/Page_Databox/a_KN        Account' is clicked on

2018-08-14 12:14:43 - [TEST_STEP][PASSED] - click: Object: 'Object Repository/CreateUser/Page_Databox/a_User Management' is clicked on

2018-08-14 12:14:43 - [MESSAGE][PASSED] - Object: 'Object Repository/CreateUser/Page_Databox/a_User Management' is clicked on

2018-08-14 12:14:43 - [TEST_STEP][PASSED] - click: Object: 'Object Repository/CreateUser/Page_Databox/a_New user' is clicked on

2018-08-14 12:14:44 - [MESSAGE][PASSED] - Object: 'Object Repository/CreateUser/Page_Databox/a_New user' is clicked on

2018-08-14 12:14:44 - [TEST_STEP][FAILED] - setText: Unable to set text 'user 2' of object 'Object Repository/CreateUser/Page_Databox/input_name' (Root cause: com.kms.katalon.core.webui.exception.WebElementNotFoundException: Web element with id: 'Object Repository/CreateUser/Page_Databox/input_name' located by 'By.xpath: //input[@id = 'ember137' and @name = 'name' and @placeholder = 'Name' and @type = 'text']' not found)

2018-08-14 12:15:16 - [MESSAGE][FAILED] - Unable to set text 'user 2' of object 'Object Repository/CreateUser/Page_Databox/input_name' (Root cause: com.kms.katalon.core.webui.exception.WebElementNotFoundException: Web element with id: 'Object Repository/CreateUser/Page_Databox/input_name' located by 'By.xpath: //input[@id = 'ember137' and @name = 'name' and @placeholder = 'Name' and @type = 'text']' not found)
[[ATTACHMENT|C:\\Users\\i3\\Katalon Studio\\Databox_Katalon\\Reports\\CreateUser_DeleteUser\\20180814_121423\\1534241716264.png]]]]></system-out>
         <system-err><![CDATA[2018-08-14 12:14:36 - [TEST_CASE][FAILED] - Test Cases/CreateUser: Test Cases/CreateUser FAILED because (of) Unable to set text 'user 2' of object 'Object Repository/CreateUser/Page_Databox/input_name' (Root cause: com.kms.katalon.core.webui.exception.WebElementNotFoundException: Web element with id: 'Object Repository/CreateUser/Page_Databox/input_name' located by 'By.xpath: //input[@id = 'ember137' and @name = 'name' and @placeholder = 'Name' and @type = 'text']' not found)]]></system-err>
      </testcase>
      <system-out><![CDATA[2018-08-14 12:14:27 - [TEST_SUITE][FAILED] - CreateUser_DeleteUser: Test Cases/CreateUser FAILED because (of) Unable to set text 'user 2' of object 'Object Repository/CreateUser/Page_Databox/input_name' (Root cause: com.kms.katalon.core.webui.exception.WebElementNotFoundException: Web element with id: 'Object Repository/CreateUser/Page_Databox/input_name' located by 'By.xpath: //input[@id = 'ember137' and @name = 'name' and @placeholder = 'Name' and @type = 'text']' not found)]]></system-out>
      <system-err><![CDATA[2018-08-14 12:14:27 - [TEST_SUITE][FAILED] - CreateUser_DeleteUser: Test Cases/CreateUser FAILED because (of) Unable to set text 'user 2' of object 'Object Repository/CreateUser/Page_Databox/input_name' (Root cause: com.kms.katalon.core.webui.exception.WebElementNotFoundException: Web element with id: 'Object Repository/CreateUser/Page_Databox/input_name' located by 'By.xpath: //input[@id = 'ember137' and @name = 'name' and @placeholder = 'Name' and @type = 'text']' not found)]]></system-err>
   </testsuite>
</testsuites>
