<?xml version="1.0" encoding="UTF-8"?>
<testsuites name="Create_Delete_Account" time="54" tests="1" failures="1" errors="0">
   <testsuite name="Create_Delete_Account" tests="1" failures="1" errors="0" time="54" timestamp="2018-08-13 11:10:32" hostname="i3 - i3-PC" id="Test Suites/Create_Delete_Account">
      <properties>
         <property name="deviceName" value=""/>
         <property name="devicePlatform" value=""/>
         <property name="logFolder" value="C:\\Users\\i3\\Katalon Studio\\Databox_Katalon\\Reports\\Create_Delete_Account\\20180813_111029"/>
         <property name="logFiles" value="C:\\Users\\i3\\Katalon Studio\\Databox_Katalon\\Reports\\Create_Delete_Account\\20180813_111029\\execution0.log"/>
         <property name="attachments" value=""/>
         <property name="hostName" value="i3 - i3-PC"/>
         <property name="os" value="Windows 7 64bit"/>
         <property name="katalonVersion" value="5.6.0.1"/>
         <property name="browser" value="Chrome 68.0.3440.106"/>
         <property name="hostAddress" value="192.168.1.140"/>
         <property name="sessionId" value="80cde3c32bd839cfd4b4cfe096925de1"/>
         <property name="seleniumVersion" value="3.7.1"/>
         <property name="proxyInformation" value="ProxyInformation{proxyOption=NO_PROXY, proxyServerType=HTTP, password=, proxyServerAddress=, proxyServerPort=0}"/>
         <property name="platform" value="Windows 7"/>
      </properties>
      <testcase name="Test Cases/CreateAccountCompany" classname="Test Cases/CreateAccountCompany" status="PASSED">
         <system-out><![CDATA[2018-08-13 11:10:32 - [TEST_CASE][PASSED] - Test Cases/CreateAccountCompany: Test Cases/CreateAccountCompany

2018-08-13 11:10:33 - [TEST_STEP][PASSED] - openBrowser: Browser is opened with url: ''

2018-08-13 11:10:37 - [MESSAGE][PASSED] - Browser is opened with url: ''

2018-08-13 11:10:37 - [TEST_STEP][PASSED] - navigateToUrl: Navigate to 'https://app.databox.com/' successfully

2018-08-13 11:10:39 - [MESSAGE][PASSED] - Navigate to 'https://app.databox.com/' successfully

2018-08-13 11:10:39 - [TEST_STEP][PASSED] - click: Object: 'Object Repository/CreateAccountCompany/Page_Databox/a_Sign up' is clicked on

2018-08-13 11:10:42 - [MESSAGE][PASSED] - Object: 'Object Repository/CreateAccountCompany/Page_Databox/a_Sign up' is clicked on

2018-08-13 11:10:42 - [TEST_STEP][PASSED] - setText: Text 'Katalon Name Test' is set on object 'Object Repository/CreateAccountCompany/Page_Databox  Create Account  Get S/input_name'

2018-08-13 11:10:43 - [MESSAGE][PASSED] - Text 'Katalon Name Test' is set on object 'Object Repository/CreateAccountCompany/Page_Databox  Create Account  Get S/input_name'

2018-08-13 11:10:43 - [TEST_STEP][PASSED] - setText: Text 'mihael+katalontest@databox.com' is set on object 'Object Repository/CreateAccountCompany/Page_Databox  Create Account  Get S/input_email'

2018-08-13 11:10:44 - [MESSAGE][PASSED] - Text 'mihael+katalontest@databox.com' is set on object 'Object Repository/CreateAccountCompany/Page_Databox  Create Account  Get S/input_email'

2018-08-13 11:10:44 - [TEST_STEP][PASSED] - setEncryptedText: Text ****** has been set on object 'Object Repository/CreateAccountCompany/Page_Databox  Create Account  Get S/input_password'

2018-08-13 11:10:45 - [MESSAGE][PASSED] - Text ****** has been set on object 'Object Repository/CreateAccountCompany/Page_Databox  Create Account  Get S/input_password'

2018-08-13 11:10:45 - [TEST_STEP][PASSED] - setText: Text 'Test Company Name Katalon' is set on object 'Object Repository/CreateAccountCompany/Page_Databox  Create Account  Get S/input_company'

2018-08-13 11:10:45 - [MESSAGE][PASSED] - Text 'Test Company Name Katalon' is set on object 'Object Repository/CreateAccountCompany/Page_Databox  Create Account  Get S/input_company'

2018-08-13 11:10:45 - [TEST_STEP][PASSED] - click: Object: 'Object Repository/CreateAccountCompany/Page_Databox  Create Account  Get S/span_Create your Account' is clicked on

2018-08-13 11:10:46 - [MESSAGE][PASSED] - Object: 'Object Repository/CreateAccountCompany/Page_Databox  Create Account  Get S/span_Create your Account' is clicked on

2018-08-13 11:10:46 - [TEST_STEP][PASSED] - click: Object: 'Object Repository/CreateAccountCompany/Page_Databox  Create Account  Get S/label_Company Account' is clicked on

2018-08-13 11:10:46 - [MESSAGE][PASSED] - Object: 'Object Repository/CreateAccountCompany/Page_Databox  Create Account  Get S/label_Company Account' is clicked on

2018-08-13 11:10:46 - [TEST_STEP][PASSED] - click: Object: 'Object Repository/CreateAccountCompany/Page_Databox  Create Account  Get S/button_Continue' is clicked on

2018-08-13 11:10:50 - [MESSAGE][PASSED] - Object: 'Object Repository/CreateAccountCompany/Page_Databox  Create Account  Get S/button_Continue' is clicked on

2018-08-13 11:10:50 - [TEST_STEP][PASSED] - click: Object: 'Object Repository/CreateAccountCompany/Page_Databox/a_I want to skip the onboardin' is clicked on

2018-08-13 11:10:54 - [MESSAGE][PASSED] - Object: 'Object Repository/CreateAccountCompany/Page_Databox/a_I want to skip the onboardin' is clicked on]]></system-out>
         <system-err><![CDATA[]]></system-err>
      </testcase>
      <testcase name="Test Cases/DeleteAccountCompany" classname="Test Cases/DeleteAccountCompany" status="FAILED">
         <failure type="FAILED" message="Unable to click on object 'Object Repository/DeleteAccountCompany/Page_Databox/a_Account Details' (Root cause: org.openqa.selenium.WebDriverException: chrome not reachable
  (Session info: chrome=68.0.3440.106)
  (Driver info: chromedriver=2.35.528161 (5b82f2d2aae0ca24b877009200ced9065a772e73),platform=Windows NT 6.1.7601 SP1 x86_64) (WARNING: The server did not provide any stacktrace information)
Command duration or timeout: 0 milliseconds
Build info: version: '3.7.1', revision: '8a0099a', time: '2017-11-06T21:07:36.161Z'
System info: host: 'I3-PC', ip: '192.168.1.140', os.name: 'Windows 7', os.arch: 'amd64', os.version: '6.1', java.version: '1.8.0_102'
Driver info: com.kms.katalon.selenium.driver.CChromeDriver
Capabilities {acceptInsecureCerts: false, acceptSslCerts: false, applicationCacheEnabled: false, browserConnectionEnabled: false, browserName: chrome, chrome: {chromedriverVersion: 2.35.528161 (5b82f2d2aae0ca..., userDataDir: C:\Users\i3\AppData\Local\T...}, cssSelectorsEnabled: true, databaseEnabled: false, handlesAlerts: true, hasTouchScreen: false, javascriptEnabled: true, locationContextEnabled: true, mobileEmulationEnabled: false, nativeEvents: true, networkConnectionEnabled: false, pageLoadStrategy: normal, platform: XP, platformName: XP, rotatable: false, setWindowRect: true, takesHeapSnapshot: true, takesScreenshot: true, unexpectedAlertBehaviour: , unhandledPromptBehavior: , version: 68.0.3440.106, webStorageEnabled: true}
Session ID: 80cde3c32bd839cfd4b4cfe096925de1
*** Element info: {Using=xpath, value=//a[(text() = 'Account Details' or . = 'Account Details')]})"/>
         <system-out><![CDATA[2018-08-13 11:10:54 - [TEST_CASE][FAILED] - Test Cases/DeleteAccountCompany: Test Cases/DeleteAccountCompany FAILED because (of) Unable to click on object 'Object Repository/DeleteAccountCompany/Page_Databox/a_Account Details' (Root cause: org.openqa.selenium.WebDriverException: chrome not reachable
  (Session info: chrome=68.0.3440.106)
  (Driver info: chromedriver=2.35.528161 (5b82f2d2aae0ca24b877009200ced9065a772e73),platform=Windows NT 6.1.7601 SP1 x86_64) (WARNING: The server did not provide any stacktrace information)
Command duration or timeout: 0 milliseconds
Build info: version: '3.7.1', revision: '8a0099a', time: '2017-11-06T21:07:36.161Z'
System info: host: 'I3-PC', ip: '192.168.1.140', os.name: 'Windows 7', os.arch: 'amd64', os.version: '6.1', java.version: '1.8.0_102'
Driver info: com.kms.katalon.selenium.driver.CChromeDriver
Capabilities {acceptInsecureCerts: false, acceptSslCerts: false, applicationCacheEnabled: false, browserConnectionEnabled: false, browserName: chrome, chrome: {chromedriverVersion: 2.35.528161 (5b82f2d2aae0ca..., userDataDir: C:\Users\i3\AppData\Local\T...}, cssSelectorsEnabled: true, databaseEnabled: false, handlesAlerts: true, hasTouchScreen: false, javascriptEnabled: true, locationContextEnabled: true, mobileEmulationEnabled: false, nativeEvents: true, networkConnectionEnabled: false, pageLoadStrategy: normal, platform: XP, platformName: XP, rotatable: false, setWindowRect: true, takesHeapSnapshot: true, takesScreenshot: true, unexpectedAlertBehaviour: , unhandledPromptBehavior: , version: 68.0.3440.106, webStorageEnabled: true}
Session ID: 80cde3c32bd839cfd4b4cfe096925de1
*** Element info: {Using=xpath, value=//a[(text() = 'Account Details' or . = 'Account Details')]})

2018-08-13 11:10:54 - [TEST_STEP][NOT_RUN] - click: NOT_RUN: click

2018-08-13 11:10:54 - [MESSAGE][NOT_RUN] - NOT_RUN: click

2018-08-13 11:10:54 - [TEST_STEP][FAILED] - click: Unable to click on object 'Object Repository/DeleteAccountCompany/Page_Databox/a_Account Details' (Root cause: org.openqa.selenium.WebDriverException: chrome not reachable
  (Session info: chrome=68.0.3440.106)
  (Driver info: chromedriver=2.35.528161 (5b82f2d2aae0ca24b877009200ced9065a772e73),platform=Windows NT 6.1.7601 SP1 x86_64) (WARNING: The server did not provide any stacktrace information)
Command duration or timeout: 0 milliseconds
Build info: version: '3.7.1', revision: '8a0099a', time: '2017-11-06T21:07:36.161Z'
System info: host: 'I3-PC', ip: '192.168.1.140', os.name: 'Windows 7', os.arch: 'amd64', os.version: '6.1', java.version: '1.8.0_102'
Driver info: com.kms.katalon.selenium.driver.CChromeDriver
Capabilities {acceptInsecureCerts: false, acceptSslCerts: false, applicationCacheEnabled: false, browserConnectionEnabled: false, browserName: chrome, chrome: {chromedriverVersion: 2.35.528161 (5b82f2d2aae0ca..., userDataDir: C:\Users\i3\AppData\Local\T...}, cssSelectorsEnabled: true, databaseEnabled: false, handlesAlerts: true, hasTouchScreen: false, javascriptEnabled: true, locationContextEnabled: true, mobileEmulationEnabled: false, nativeEvents: true, networkConnectionEnabled: false, pageLoadStrategy: normal, platform: XP, platformName: XP, rotatable: false, setWindowRect: true, takesHeapSnapshot: true, takesScreenshot: true, unexpectedAlertBehaviour: , unhandledPromptBehavior: , version: 68.0.3440.106, webStorageEnabled: true}
Session ID: 80cde3c32bd839cfd4b4cfe096925de1
*** Element info: {Using=xpath, value=//a[(text() = 'Account Details' or . = 'Account Details')]})

2018-08-13 11:11:25 - [MESSAGE][WARNING] - Cannot take screenshot

2018-08-13 11:11:25 - [MESSAGE][FAILED] - Unable to click on object 'Object Repository/DeleteAccountCompany/Page_Databox/a_Account Details' (Root cause: org.openqa.selenium.WebDriverException: chrome not reachable
  (Session info: chrome=68.0.3440.106)
  (Driver info: chromedriver=2.35.528161 (5b82f2d2aae0ca24b877009200ced9065a772e73),platform=Windows NT 6.1.7601 SP1 x86_64) (WARNING: The server did not provide any stacktrace information)
Command duration or timeout: 0 milliseconds
Build info: version: '3.7.1', revision: '8a0099a', time: '2017-11-06T21:07:36.161Z'
System info: host: 'I3-PC', ip: '192.168.1.140', os.name: 'Windows 7', os.arch: 'amd64', os.version: '6.1', java.version: '1.8.0_102'
Driver info: com.kms.katalon.selenium.driver.CChromeDriver
Capabilities {acceptInsecureCerts: false, acceptSslCerts: false, applicationCacheEnabled: false, browserConnectionEnabled: false, browserName: chrome, chrome: {chromedriverVersion: 2.35.528161 (5b82f2d2aae0ca..., userDataDir: C:\Users\i3\AppData\Local\T...}, cssSelectorsEnabled: true, databaseEnabled: false, handlesAlerts: true, hasTouchScreen: false, javascriptEnabled: true, locationContextEnabled: true, mobileEmulationEnabled: false, nativeEvents: true, networkConnectionEnabled: false, pageLoadStrategy: normal, platform: XP, platformName: XP, rotatable: false, setWindowRect: true, takesHeapSnapshot: true, takesScreenshot: true, unexpectedAlertBehaviour: , unhandledPromptBehavior: , version: 68.0.3440.106, webStorageEnabled: true}
Session ID: 80cde3c32bd839cfd4b4cfe096925de1
*** Element info: {Using=xpath, value=//a[(text() = 'Account Details' or . = 'Account Details')]})]]></system-out>
         <system-err><![CDATA[2018-08-13 11:10:54 - [TEST_CASE][FAILED] - Test Cases/DeleteAccountCompany: Test Cases/DeleteAccountCompany FAILED because (of) Unable to click on object 'Object Repository/DeleteAccountCompany/Page_Databox/a_Account Details' (Root cause: org.openqa.selenium.WebDriverException: chrome not reachable
  (Session info: chrome=68.0.3440.106)
  (Driver info: chromedriver=2.35.528161 (5b82f2d2aae0ca24b877009200ced9065a772e73),platform=Windows NT 6.1.7601 SP1 x86_64) (WARNING: The server did not provide any stacktrace information)
Command duration or timeout: 0 milliseconds
Build info: version: '3.7.1', revision: '8a0099a', time: '2017-11-06T21:07:36.161Z'
System info: host: 'I3-PC', ip: '192.168.1.140', os.name: 'Windows 7', os.arch: 'amd64', os.version: '6.1', java.version: '1.8.0_102'
Driver info: com.kms.katalon.selenium.driver.CChromeDriver
Capabilities {acceptInsecureCerts: false, acceptSslCerts: false, applicationCacheEnabled: false, browserConnectionEnabled: false, browserName: chrome, chrome: {chromedriverVersion: 2.35.528161 (5b82f2d2aae0ca..., userDataDir: C:\Users\i3\AppData\Local\T...}, cssSelectorsEnabled: true, databaseEnabled: false, handlesAlerts: true, hasTouchScreen: false, javascriptEnabled: true, locationContextEnabled: true, mobileEmulationEnabled: false, nativeEvents: true, networkConnectionEnabled: false, pageLoadStrategy: normal, platform: XP, platformName: XP, rotatable: false, setWindowRect: true, takesHeapSnapshot: true, takesScreenshot: true, unexpectedAlertBehaviour: , unhandledPromptBehavior: , version: 68.0.3440.106, webStorageEnabled: true}
Session ID: 80cde3c32bd839cfd4b4cfe096925de1
*** Element info: {Using=xpath, value=//a[(text() = 'Account Details' or . = 'Account Details')]})]]></system-err>
      </testcase>
      <system-out><![CDATA[2018-08-13 11:10:32 - [TEST_SUITE][FAILED] - Create_Delete_Account: Test Cases/DeleteAccountCompany FAILED because (of) Unable to click on object 'Object Repository/DeleteAccountCompany/Page_Databox/a_Account Details' (Root cause: org.openqa.selenium.WebDriverException: chrome not reachable
  (Session info: chrome=68.0.3440.106)
  (Driver info: chromedriver=2.35.528161 (5b82f2d2aae0ca24b877009200ced9065a772e73),platform=Windows NT 6.1.7601 SP1 x86_64) (WARNING: The server did not provide any stacktrace information)
Command duration or timeout: 0 milliseconds
Build info: version: '3.7.1', revision: '8a0099a', time: '2017-11-06T21:07:36.161Z'
System info: host: 'I3-PC', ip: '192.168.1.140', os.name: 'Windows 7', os.arch: 'amd64', os.version: '6.1', java.version: '1.8.0_102'
Driver info: com.kms.katalon.selenium.driver.CChromeDriver
Capabilities {acceptInsecureCerts: false, acceptSslCerts: false, applicationCacheEnabled: false, browserConnectionEnabled: false, browserName: chrome, chrome: {chromedriverVersion: 2.35.528161 (5b82f2d2aae0ca..., userDataDir: C:\Users\i3\AppData\Local\T...}, cssSelectorsEnabled: true, databaseEnabled: false, handlesAlerts: true, hasTouchScreen: false, javascriptEnabled: true, locationContextEnabled: true, mobileEmulationEnabled: false, nativeEvents: true, networkConnectionEnabled: false, pageLoadStrategy: normal, platform: XP, platformName: XP, rotatable: false, setWindowRect: true, takesHeapSnapshot: true, takesScreenshot: true, unexpectedAlertBehaviour: , unhandledPromptBehavior: , version: 68.0.3440.106, webStorageEnabled: true}
Session ID: 80cde3c32bd839cfd4b4cfe096925de1
*** Element info: {Using=xpath, value=//a[(text() = 'Account Details' or . = 'Account Details')]})]]></system-out>
      <system-err><![CDATA[2018-08-13 11:10:32 - [TEST_SUITE][FAILED] - Create_Delete_Account: Test Cases/DeleteAccountCompany FAILED because (of) Unable to click on object 'Object Repository/DeleteAccountCompany/Page_Databox/a_Account Details' (Root cause: org.openqa.selenium.WebDriverException: chrome not reachable
  (Session info: chrome=68.0.3440.106)
  (Driver info: chromedriver=2.35.528161 (5b82f2d2aae0ca24b877009200ced9065a772e73),platform=Windows NT 6.1.7601 SP1 x86_64) (WARNING: The server did not provide any stacktrace information)
Command duration or timeout: 0 milliseconds
Build info: version: '3.7.1', revision: '8a0099a', time: '2017-11-06T21:07:36.161Z'
System info: host: 'I3-PC', ip: '192.168.1.140', os.name: 'Windows 7', os.arch: 'amd64', os.version: '6.1', java.version: '1.8.0_102'
Driver info: com.kms.katalon.selenium.driver.CChromeDriver
Capabilities {acceptInsecureCerts: false, acceptSslCerts: false, applicationCacheEnabled: false, browserConnectionEnabled: false, browserName: chrome, chrome: {chromedriverVersion: 2.35.528161 (5b82f2d2aae0ca..., userDataDir: C:\Users\i3\AppData\Local\T...}, cssSelectorsEnabled: true, databaseEnabled: false, handlesAlerts: true, hasTouchScreen: false, javascriptEnabled: true, locationContextEnabled: true, mobileEmulationEnabled: false, nativeEvents: true, networkConnectionEnabled: false, pageLoadStrategy: normal, platform: XP, platformName: XP, rotatable: false, setWindowRect: true, takesHeapSnapshot: true, takesScreenshot: true, unexpectedAlertBehaviour: , unhandledPromptBehavior: , version: 68.0.3440.106, webStorageEnabled: true}
Session ID: 80cde3c32bd839cfd4b4cfe096925de1
*** Element info: {Using=xpath, value=//a[(text() = 'Account Details' or . = 'Account Details')]})]]></system-err>
   </testsuite>
</testsuites>
