<?xml version="1.0" encoding="UTF-8"?>
<testsuites name="Create_Delete_Account" time="28" tests="1" failures="0" errors="1">
   <testsuite name="Create_Delete_Account" tests="1" failures="0" errors="1" time="28" timestamp="2018-08-13 11:25:34" hostname="i3 - i3-PC" id="Test Suites/Create_Delete_Account">
      <properties>
         <property name="deviceName" value=""/>
         <property name="devicePlatform" value=""/>
         <property name="logFolder" value="C:\\Users\\i3\\Katalon Studio\\Databox_Katalon\\Reports\\Create_Delete_Account\\20180813_112531"/>
         <property name="logFiles" value="C:\\Users\\i3\\Katalon Studio\\Databox_Katalon\\Reports\\Create_Delete_Account\\20180813_112531\\execution0.log"/>
         <property name="attachments" value=""/>
         <property name="hostName" value="i3 - i3-PC"/>
         <property name="os" value="Windows 7 64bit"/>
         <property name="katalonVersion" value="5.6.0.1"/>
         <property name="browser" value="Chrome 68.0.3440.106"/>
         <property name="hostAddress" value="192.168.1.140"/>
         <property name="sessionId" value="fabfb16f08442f3b7163f16c2e575a10"/>
         <property name="seleniumVersion" value="3.7.1"/>
         <property name="proxyInformation" value="ProxyInformation{proxyOption=NO_PROXY, proxyServerType=HTTP, password=, proxyServerAddress=, proxyServerPort=0}"/>
         <property name="platform" value="Windows 7"/>
      </properties>
      <testcase name="Test Cases/CreateAccountCompany" classname="Test Cases/CreateAccountCompany" status="PASSED">
         <system-out><![CDATA[2018-08-13 11:25:34 - [TEST_CASE][PASSED] - Test Cases/CreateAccountCompany: Test Cases/CreateAccountCompany

2018-08-13 11:25:35 - [TEST_STEP][PASSED] - openBrowser: Browser is opened with url: ''

2018-08-13 11:25:39 - [MESSAGE][PASSED] - Browser is opened with url: ''

2018-08-13 11:25:39 - [TEST_STEP][PASSED] - navigateToUrl: Navigate to 'https://app.databox.com/' successfully

2018-08-13 11:25:42 - [MESSAGE][PASSED] - Navigate to 'https://app.databox.com/' successfully

2018-08-13 11:25:42 - [TEST_STEP][PASSED] - click: Object: 'Object Repository/CreateAccountCompany/Page_Databox/a_Sign up' is clicked on

2018-08-13 11:25:45 - [MESSAGE][PASSED] - Object: 'Object Repository/CreateAccountCompany/Page_Databox/a_Sign up' is clicked on

2018-08-13 11:25:45 - [TEST_STEP][PASSED] - setText: Text 'Katalon Name Test' is set on object 'Object Repository/CreateAccountCompany/Page_Databox  Create Account  Get S/input_name'

2018-08-13 11:25:47 - [MESSAGE][PASSED] - Text 'Katalon Name Test' is set on object 'Object Repository/CreateAccountCompany/Page_Databox  Create Account  Get S/input_name'

2018-08-13 11:25:47 - [TEST_STEP][PASSED] - setText: Text 'mihael+katalontest@databox.com' is set on object 'Object Repository/CreateAccountCompany/Page_Databox  Create Account  Get S/input_email'

2018-08-13 11:25:47 - [MESSAGE][PASSED] - Text 'mihael+katalontest@databox.com' is set on object 'Object Repository/CreateAccountCompany/Page_Databox  Create Account  Get S/input_email'

2018-08-13 11:25:47 - [TEST_STEP][PASSED] - setEncryptedText: Text ****** has been set on object 'Object Repository/CreateAccountCompany/Page_Databox  Create Account  Get S/input_password'

2018-08-13 11:25:48 - [MESSAGE][PASSED] - Text ****** has been set on object 'Object Repository/CreateAccountCompany/Page_Databox  Create Account  Get S/input_password'

2018-08-13 11:25:48 - [TEST_STEP][PASSED] - setText: Text 'Test Company Name Katalon' is set on object 'Object Repository/CreateAccountCompany/Page_Databox  Create Account  Get S/input_company'

2018-08-13 11:25:49 - [MESSAGE][PASSED] - Text 'Test Company Name Katalon' is set on object 'Object Repository/CreateAccountCompany/Page_Databox  Create Account  Get S/input_company'

2018-08-13 11:25:49 - [TEST_STEP][PASSED] - click: Object: 'Object Repository/CreateAccountCompany/Page_Databox  Create Account  Get S/span_Create your Account' is clicked on

2018-08-13 11:25:49 - [MESSAGE][PASSED] - Object: 'Object Repository/CreateAccountCompany/Page_Databox  Create Account  Get S/span_Create your Account' is clicked on

2018-08-13 11:25:49 - [TEST_STEP][PASSED] - click: Object: 'Object Repository/CreateAccountCompany/Page_Databox  Create Account  Get S/label_Company Account' is clicked on

2018-08-13 11:25:51 - [MESSAGE][PASSED] - Object: 'Object Repository/CreateAccountCompany/Page_Databox  Create Account  Get S/label_Company Account' is clicked on

2018-08-13 11:25:51 - [TEST_STEP][PASSED] - click: Object: 'Object Repository/CreateAccountCompany/Page_Databox  Create Account  Get S/button_Continue' is clicked on

2018-08-13 11:25:54 - [MESSAGE][PASSED] - Object: 'Object Repository/CreateAccountCompany/Page_Databox  Create Account  Get S/button_Continue' is clicked on

2018-08-13 11:25:54 - [TEST_STEP][PASSED] - click: Object: 'Object Repository/CreateAccountCompany/Page_Databox/a_I want to skip the onboardin' is clicked on

2018-08-13 11:26:00 - [MESSAGE][PASSED] - Object: 'Object Repository/CreateAccountCompany/Page_Databox/a_I want to skip the onboardin' is clicked on]]></system-out>
         <system-err><![CDATA[]]></system-err>
      </testcase>
      <testcase name="Test Cases/DeleteAccountCompany" classname="Test Cases/DeleteAccountCompany" status="ERROR">
         <error type="ERROR" message="Test Cases/DeleteAccountCompany FAILED because (of) groovy.lang.MissingMethodException: No signature of method: static com.kms.katalon.core.webui.keyword.WebUiBuiltInKeywords.verifyElementPresent() is applicable for argument types: (com.kms.katalon.core.testobject.TestObject) values: [TestObject - 'Object Repository/DeleteAccountCompany/Page_Databox/div_SIGN IN']
Possible solutions: verifyElementPresent(com.kms.katalon.core.testobject.TestObject, int), verifyElementPresent(com.kms.katalon.core.testobject.TestObject, int, com.kms.katalon.core.model.FailureHandling), verifyElementNotPresent(com.kms.katalon.core.testobject.TestObject, int), verifyAlertPresent(int), verifyElementNotPresent(com.kms.katalon.core.testobject.TestObject, int, com.kms.katalon.core.model.FailureHandling)"/>
         <system-out><![CDATA[2018-08-13 11:26:00 - [TEST_CASE][ERROR] - Test Cases/DeleteAccountCompany: Test Cases/DeleteAccountCompany FAILED because (of) groovy.lang.MissingMethodException: No signature of method: static com.kms.katalon.core.webui.keyword.WebUiBuiltInKeywords.verifyElementPresent() is applicable for argument types: (com.kms.katalon.core.testobject.TestObject) values: [TestObject - 'Object Repository/DeleteAccountCompany/Page_Databox/div_SIGN IN']
Possible solutions: verifyElementPresent(com.kms.katalon.core.testobject.TestObject, int), verifyElementPresent(com.kms.katalon.core.testobject.TestObject, int, com.kms.katalon.core.model.FailureHandling), verifyElementNotPresent(com.kms.katalon.core.testobject.TestObject, int), verifyAlertPresent(int), verifyElementNotPresent(com.kms.katalon.core.testobject.TestObject, int, com.kms.katalon.core.model.FailureHandling)

2018-08-13 11:26:00 - [TEST_STEP][PASSED] - click: Object: 'Object Repository/DeleteAccountCompany/Page_Databox/a_KN        Account' is clicked on

2018-08-13 11:26:00 - [MESSAGE][PASSED] - Object: 'Object Repository/DeleteAccountCompany/Page_Databox/a_KN        Account' is clicked on

2018-08-13 11:26:00 - [TEST_STEP][PASSED] - click: Object: 'Object Repository/DeleteAccountCompany/Page_Databox/a_Account Details' is clicked on

2018-08-13 11:26:01 - [MESSAGE][PASSED] - Object: 'Object Repository/DeleteAccountCompany/Page_Databox/a_Account Details' is clicked on

2018-08-13 11:26:01 - [TEST_STEP][PASSED] - click: Object: 'Object Repository/DeleteAccountCompany/Page_Databox/a_Yes cancel my account.' is clicked on

2018-08-13 11:26:01 - [MESSAGE][PASSED] - Object: 'Object Repository/DeleteAccountCompany/Page_Databox/a_Yes cancel my account.' is clicked on

2018-08-13 11:26:01 - [TEST_STEP][PASSED] - click: Object: 'Object Repository/DeleteAccountCompany/Page_Databox/span_Confirm' is clicked on

2018-08-13 11:26:01 - [MESSAGE][PASSED] - Object: 'Object Repository/DeleteAccountCompany/Page_Databox/span_Confirm' is clicked on

2018-08-13 11:26:01 - [TEST_STEP][PASSED] - verifyElementPresent: Finding Test Object with id 'Object Repository/DeleteAccountCompany/Page_Databox/div_SIGN IN']]></system-out>
         <system-err><![CDATA[2018-08-13 11:26:00 - [TEST_CASE][ERROR] - Test Cases/DeleteAccountCompany: Test Cases/DeleteAccountCompany FAILED because (of) groovy.lang.MissingMethodException: No signature of method: static com.kms.katalon.core.webui.keyword.WebUiBuiltInKeywords.verifyElementPresent() is applicable for argument types: (com.kms.katalon.core.testobject.TestObject) values: [TestObject - 'Object Repository/DeleteAccountCompany/Page_Databox/div_SIGN IN']
Possible solutions: verifyElementPresent(com.kms.katalon.core.testobject.TestObject, int), verifyElementPresent(com.kms.katalon.core.testobject.TestObject, int, com.kms.katalon.core.model.FailureHandling), verifyElementNotPresent(com.kms.katalon.core.testobject.TestObject, int), verifyAlertPresent(int), verifyElementNotPresent(com.kms.katalon.core.testobject.TestObject, int, com.kms.katalon.core.model.FailureHandling)]]></system-err>
      </testcase>
      <system-out><![CDATA[2018-08-13 11:25:34 - [TEST_SUITE][ERROR] - Create_Delete_Account: Test Cases/DeleteAccountCompany FAILED because (of) groovy.lang.MissingMethodException: No signature of method: static com.kms.katalon.core.webui.keyword.WebUiBuiltInKeywords.verifyElementPresent() is applicable for argument types: (com.kms.katalon.core.testobject.TestObject) values: [TestObject - 'Object Repository/DeleteAccountCompany/Page_Databox/div_SIGN IN']
Possible solutions: verifyElementPresent(com.kms.katalon.core.testobject.TestObject, int), verifyElementPresent(com.kms.katalon.core.testobject.TestObject, int, com.kms.katalon.core.model.FailureHandling), verifyElementNotPresent(com.kms.katalon.core.testobject.TestObject, int), verifyAlertPresent(int), verifyElementNotPresent(com.kms.katalon.core.testobject.TestObject, int, com.kms.katalon.core.model.FailureHandling)]]></system-out>
      <system-err><![CDATA[2018-08-13 11:25:34 - [TEST_SUITE][ERROR] - Create_Delete_Account: Test Cases/DeleteAccountCompany FAILED because (of) groovy.lang.MissingMethodException: No signature of method: static com.kms.katalon.core.webui.keyword.WebUiBuiltInKeywords.verifyElementPresent() is applicable for argument types: (com.kms.katalon.core.testobject.TestObject) values: [TestObject - 'Object Repository/DeleteAccountCompany/Page_Databox/div_SIGN IN']
Possible solutions: verifyElementPresent(com.kms.katalon.core.testobject.TestObject, int), verifyElementPresent(com.kms.katalon.core.testobject.TestObject, int, com.kms.katalon.core.model.FailureHandling), verifyElementNotPresent(com.kms.katalon.core.testobject.TestObject, int), verifyAlertPresent(int), verifyElementNotPresent(com.kms.katalon.core.testobject.TestObject, int, com.kms.katalon.core.model.FailureHandling)]]></system-err>
   </testsuite>
</testsuites>
