{"devicePlatform":"","logFolder":"C:\\Users\\i3\\Katalon Studio\\Databox_Katalon\\Reports\\CreateUser_DeleteUser\\20180814_130611","runData":{"hostName":"i3 - i3-PC","os":"Windows 7 64bit","katalonVersion":"5.6.0.1","browser":"Chrome 68.0.3440.106","hostAddress":"192.168.1.140","sessionId":"8326d8f8c14f88a57e284786cd0431f8","seleniumVersion":"3.7.1","proxyInformation":"ProxyInformation{proxyOption\u003dNO_PROXY, proxyServerType\u003dHTTP, password\u003d, proxyServerAddress\u003d, proxyServerPort\u003d0}","platform":"Windows 7"},"type":"TEST_SUITE","name":"CreateUser_DeleteUser","id":"Test Suites/CreateUser_DeleteUser","source":"","message":"Test Cases/CreateUser FAILED because (of) Unable to click on object \u0027Object Repository/CreateUser/Page_Databox/a_Databoards\u0027 (Root cause: org.openqa.selenium.WebDriverException: unknown error: Element \u003ca id\u003d\"ember72\" href\u003d\"/databoards\" class\u003d\"ember-view\"\u003e...\u003c/a\u003e is not clickable at point (83, 96). Other element would receive the click: \u003cdiv class\u003d\"modal-overlay\" data-ember-action\u003d\"\" data-ember-action-130\u003d\"130\"\u003e\u003c/div\u003e\n  (Session info: chrome\u003d68.0.3440.106)\n  (Driver info: chromedriver\u003d2.35.528161 (5b82f2d2aae0ca24b877009200ced9065a772e73),platform\u003dWindows NT 6.1.7601 SP1 x86_64) (WARNING: The server did not provide any stacktrace information)\nCommand duration or timeout: 0 milliseconds\nBuild info: version: \u00273.7.1\u0027, revision: \u00278a0099a\u0027, time: \u00272017-11-06T21:07:36.161Z\u0027\nSystem info: host: \u0027I3-PC\u0027, ip: \u0027192.168.1.140\u0027, os.name: \u0027Windows 7\u0027, os.arch: \u0027amd64\u0027, os.version: \u00276.1\u0027, java.version: \u00271.8.0_102\u0027\nDriver info: com.kms.katalon.selenium.driver.CChromeDriver\nCapabilities {acceptInsecureCerts: false, acceptSslCerts: false, applicationCacheEnabled: false, browserConnectionEnabled: false, browserName: chrome, chrome: {chromedriverVersion: 2.35.528161 (5b82f2d2aae0ca..., userDataDir: C:\\Users\\i3\\AppData\\Local\\T...}, cssSelectorsEnabled: true, databaseEnabled: false, handlesAlerts: true, hasTouchScreen: false, javascriptEnabled: true, locationContextEnabled: true, mobileEmulationEnabled: false, nativeEvents: true, networkConnectionEnabled: false, pageLoadStrategy: normal, platform: XP, platformName: XP, rotatable: false, setWindowRect: true, takesHeapSnapshot: true, takesScreenshot: true, unexpectedAlertBehaviour: , unhandledPromptBehavior: , version: 68.0.3440.106, webStorageEnabled: true}\nSession ID: 8326d8f8c14f88a57e284786cd0431f8)","description":"","startTime":1534244774063,"endTime":1534244833001,"childRecords":[{"isOptional":false,"type":"TEST_CASE","name":"Test Cases/LoginAccountCompany","id":"Test Cases/LoginAccountCompany","source":"C:\\\\Users\\\\i3\\\\Katalon Studio\\\\Databox_Katalon\\\\Test Cases\\\\LoginAccountCompany.tc","message":"Test Cases/LoginAccountCompany","description":"","startTime":1534244774637,"endTime":1534244783768,"childRecords":[{"testStatus":{"stackTrace":"","statusValue":"INFO"},"type":"MESSAGE","name":"","message":"Evaluating variables for test case","startTime":1534244774795,"endTime":0,"childRecords":[],"interuppted":false},{"index":1,"isIgnoredIfFailed":false,"type":"TEST_STEP","name":"openBrowser","message":"Browser is opened with url: \u0027\u0027","description":"","startTime":1534244775415,"endTime":1534244779455,"childRecords":[{"testStatus":{"stackTrace":"","statusValue":"PASSED"},"type":"MESSAGE","name":"","message":"Browser is opened with url: \u0027\u0027","startTime":1534244779448,"endTime":0,"childRecords":[],"interuppted":false}],"interuppted":false},{"index":2,"isIgnoredIfFailed":false,"type":"TEST_STEP","name":"navigateToUrl","message":"Navigate to \u0027https://app.databox.com/\u0027 successfully","description":"","startTime":1534244779456,"endTime":1534244782191,"childRecords":[{"testStatus":{"stackTrace":"","statusValue":"PASSED"},"type":"MESSAGE","name":"","message":"Navigate to \u0027https://app.databox.com/\u0027 successfully","startTime":1534244782190,"endTime":0,"childRecords":[],"interuppted":false}],"interuppted":false},{"index":3,"isIgnoredIfFailed":false,"type":"TEST_STEP","name":"setText","message":"Text \u0027mihael+katalontest@databox.com\u0027 is set on object \u0027Object Repository/LoginAccountCompany/Page_Databox/input_email\u0027","description":"","startTime":1534244782191,"endTime":1534244782958,"childRecords":[{"testStatus":{"stackTrace":"","statusValue":"PASSED"},"type":"MESSAGE","name":"","message":"Text \u0027mihael+katalontest@databox.com\u0027 is set on object \u0027Object Repository/LoginAccountCompany/Page_Databox/input_email\u0027","startTime":1534244782956,"endTime":0,"childRecords":[],"interuppted":false}],"interuppted":false},{"index":4,"isIgnoredIfFailed":false,"type":"TEST_STEP","name":"setEncryptedText","message":"Text ****** has been set on object \u0027Object Repository/LoginAccountCompany/Page_Databox/input_password\u0027","description":"","startTime":1534244782959,"endTime":1534244783544,"childRecords":[{"testStatus":{"stackTrace":"","statusValue":"PASSED"},"type":"MESSAGE","name":"","message":"Text ****** has been set on object \u0027Object Repository/LoginAccountCompany/Page_Databox/input_password\u0027","startTime":1534244783543,"endTime":0,"childRecords":[],"interuppted":false}],"interuppted":false},{"index":5,"isIgnoredIfFailed":false,"type":"TEST_STEP","name":"click","message":"Object: \u0027Object Repository/LoginAccountCompany/Page_Databox/button_Sign in\u0027 is clicked on","description":"","startTime":1534244783544,"endTime":1534244783766,"childRecords":[{"testStatus":{"stackTrace":"","statusValue":"PASSED"},"type":"MESSAGE","name":"","message":"Object: \u0027Object Repository/LoginAccountCompany/Page_Databox/button_Sign in\u0027 is clicked on","startTime":1534244783765,"endTime":0,"childRecords":[],"interuppted":false}],"interuppted":false},{"testStatus":{"stackTrace":"","statusValue":"PASSED"},"type":"MESSAGE","name":"","message":"Test Cases/LoginAccountCompany","startTime":1534244783767,"endTime":0,"childRecords":[],"interuppted":false}],"interuppted":false},{"isOptional":false,"type":"TEST_CASE","name":"Test Cases/CreateUser","id":"Test Cases/CreateUser","source":"C:\\\\Users\\\\i3\\\\Katalon Studio\\\\Databox_Katalon\\\\Test Cases\\\\CreateUser.tc","message":"Test Cases/CreateUser FAILED because (of) Unable to click on object \u0027Object Repository/CreateUser/Page_Databox/a_Databoards\u0027 (Root cause: org.openqa.selenium.WebDriverException: unknown error: Element \u003ca id\u003d\"ember72\" href\u003d\"/databoards\" class\u003d\"ember-view\"\u003e...\u003c/a\u003e is not clickable at point (83, 96). Other element would receive the click: \u003cdiv class\u003d\"modal-overlay\" data-ember-action\u003d\"\" data-ember-action-130\u003d\"130\"\u003e\u003c/div\u003e\n  (Session info: chrome\u003d68.0.3440.106)\n  (Driver info: chromedriver\u003d2.35.528161 (5b82f2d2aae0ca24b877009200ced9065a772e73),platform\u003dWindows NT 6.1.7601 SP1 x86_64) (WARNING: The server did not provide any stacktrace information)\nCommand duration or timeout: 0 milliseconds\nBuild info: version: \u00273.7.1\u0027, revision: \u00278a0099a\u0027, time: \u00272017-11-06T21:07:36.161Z\u0027\nSystem info: host: \u0027I3-PC\u0027, ip: \u0027192.168.1.140\u0027, os.name: \u0027Windows 7\u0027, os.arch: \u0027amd64\u0027, os.version: \u00276.1\u0027, java.version: \u00271.8.0_102\u0027\nDriver info: com.kms.katalon.selenium.driver.CChromeDriver\nCapabilities {acceptInsecureCerts: false, acceptSslCerts: false, applicationCacheEnabled: false, browserConnectionEnabled: false, browserName: chrome, chrome: {chromedriverVersion: 2.35.528161 (5b82f2d2aae0ca..., userDataDir: C:\\Users\\i3\\AppData\\Local\\T...}, cssSelectorsEnabled: true, databaseEnabled: false, handlesAlerts: true, hasTouchScreen: false, javascriptEnabled: true, locationContextEnabled: true, mobileEmulationEnabled: false, nativeEvents: true, networkConnectionEnabled: false, pageLoadStrategy: normal, platform: XP, platformName: XP, rotatable: false, setWindowRect: true, takesHeapSnapshot: true, takesScreenshot: true, unexpectedAlertBehaviour: , unhandledPromptBehavior: , version: 68.0.3440.106, webStorageEnabled: true}\nSession ID: 8326d8f8c14f88a57e284786cd0431f8)","description":"","startTime":1534244783772,"endTime":1534244799235,"childRecords":[{"testStatus":{"stackTrace":"","statusValue":"INFO"},"type":"MESSAGE","name":"","message":"Evaluating variables for test case","startTime":1534244783793,"endTime":0,"childRecords":[],"interuppted":false},{"index":1,"isIgnoredIfFailed":false,"type":"TEST_STEP","name":"click","message":"Object: \u0027Object Repository/CreateUser/Page_Databox/a_KN        Account\u0027 is clicked on","description":"","startTime":1534244784104,"endTime":1534244795288,"childRecords":[{"testStatus":{"stackTrace":"","statusValue":"PASSED"},"type":"MESSAGE","name":"","message":"Object: \u0027Object Repository/CreateUser/Page_Databox/a_KN        Account\u0027 is clicked on","startTime":1534244795286,"endTime":0,"childRecords":[],"interuppted":false}],"interuppted":false},{"index":2,"isIgnoredIfFailed":false,"type":"TEST_STEP","name":"click","message":"Object: \u0027Object Repository/CreateUser/Page_Databox/a_User Management\u0027 is clicked on","description":"","startTime":1534244795288,"endTime":1534244795707,"childRecords":[{"testStatus":{"stackTrace":"","statusValue":"PASSED"},"type":"MESSAGE","name":"","message":"Object: \u0027Object Repository/CreateUser/Page_Databox/a_User Management\u0027 is clicked on","startTime":1534244795706,"endTime":0,"childRecords":[],"interuppted":false}],"interuppted":false},{"index":3,"isIgnoredIfFailed":false,"type":"TEST_STEP","name":"click","message":"Object: \u0027Object Repository/CreateUser/Page_Databox/a_New user\u0027 is clicked on","description":"","startTime":1534244795708,"endTime":1534244795877,"childRecords":[{"testStatus":{"stackTrace":"","statusValue":"PASSED"},"type":"MESSAGE","name":"","message":"Object: \u0027Object Repository/CreateUser/Page_Databox/a_New user\u0027 is clicked on","startTime":1534244795876,"endTime":0,"childRecords":[],"interuppted":false}],"interuppted":false},{"index":4,"isIgnoredIfFailed":false,"type":"TEST_STEP","name":"setText","message":"Text \u0027user 2\u0027 is set on object \u0027Object Repository/CreateUser/Page_Databox/input_name\u0027","description":"","startTime":1534244795877,"endTime":1534244796757,"childRecords":[{"testStatus":{"stackTrace":"","statusValue":"PASSED"},"type":"MESSAGE","name":"","message":"Text \u0027user 2\u0027 is set on object \u0027Object Repository/CreateUser/Page_Databox/input_name\u0027","startTime":1534244796756,"endTime":0,"childRecords":[],"interuppted":false}],"interuppted":false},{"index":5,"isIgnoredIfFailed":false,"type":"TEST_STEP","name":"setText","message":"Text \u0027mihael+user2katalon@databox.com\u0027 is set on object \u0027Object Repository/CreateUser/Page_Databox/input_email\u0027","description":"","startTime":1534244796757,"endTime":1534244797395,"childRecords":[{"testStatus":{"stackTrace":"","statusValue":"PASSED"},"type":"MESSAGE","name":"","message":"Text \u0027mihael+user2katalon@databox.com\u0027 is set on object \u0027Object Repository/CreateUser/Page_Databox/input_email\u0027","startTime":1534244797395,"endTime":0,"childRecords":[],"interuppted":false}],"interuppted":false},{"index":6,"isIgnoredIfFailed":false,"type":"TEST_STEP","name":"click","message":"Object: \u0027Object Repository/CreateUser/Page_Databox/a_Send invitation\u0027 is clicked on","description":"","startTime":1534244797396,"endTime":1534244797566,"childRecords":[{"testStatus":{"stackTrace":"","statusValue":"PASSED"},"type":"MESSAGE","name":"","message":"Object: \u0027Object Repository/CreateUser/Page_Databox/a_Send invitation\u0027 is clicked on","startTime":1534244797566,"endTime":0,"childRecords":[],"interuppted":false}],"interuppted":false},{"index":7,"isIgnoredIfFailed":false,"type":"TEST_STEP","name":"verifyElementPresent","message":"Object \u0027Object Repository/CreateUser/Page_Databox/strong_User 2\u0027 is present","description":"","startTime":1534244797567,"endTime":1534244798668,"childRecords":[{"testStatus":{"stackTrace":"","statusValue":"PASSED"},"type":"MESSAGE","name":"","message":"Object \u0027Object Repository/CreateUser/Page_Databox/strong_User 2\u0027 is present","startTime":1534244798667,"endTime":0,"childRecords":[],"interuppted":false}],"interuppted":false},{"attachment":"1534244798828.png","index":8,"isIgnoredIfFailed":false,"type":"TEST_STEP","name":"click","message":"Unable to click on object \u0027Object Repository/CreateUser/Page_Databox/a_Databoards\u0027 (Root cause: org.openqa.selenium.WebDriverException: unknown error: Element \u003ca id\u003d\"ember72\" href\u003d\"/databoards\" class\u003d\"ember-view\"\u003e...\u003c/a\u003e is not clickable at point (83, 96). Other element would receive the click: \u003cdiv class\u003d\"modal-overlay\" data-ember-action\u003d\"\" data-ember-action-130\u003d\"130\"\u003e\u003c/div\u003e\n  (Session info: chrome\u003d68.0.3440.106)\n  (Driver info: chromedriver\u003d2.35.528161 (5b82f2d2aae0ca24b877009200ced9065a772e73),platform\u003dWindows NT 6.1.7601 SP1 x86_64) (WARNING: The server did not provide any stacktrace information)\nCommand duration or timeout: 0 milliseconds\nBuild info: version: \u00273.7.1\u0027, revision: \u00278a0099a\u0027, time: \u00272017-11-06T21:07:36.161Z\u0027\nSystem info: host: \u0027I3-PC\u0027, ip: \u0027192.168.1.140\u0027, os.name: \u0027Windows 7\u0027, os.arch: \u0027amd64\u0027, os.version: \u00276.1\u0027, java.version: \u00271.8.0_102\u0027\nDriver info: com.kms.katalon.selenium.driver.CChromeDriver\nCapabilities {acceptInsecureCerts: false, acceptSslCerts: false, applicationCacheEnabled: false, browserConnectionEnabled: false, browserName: chrome, chrome: {chromedriverVersion: 2.35.528161 (5b82f2d2aae0ca..., userDataDir: C:\\Users\\i3\\AppData\\Local\\T...}, cssSelectorsEnabled: true, databaseEnabled: false, handlesAlerts: true, hasTouchScreen: false, javascriptEnabled: true, locationContextEnabled: true, mobileEmulationEnabled: false, nativeEvents: true, networkConnectionEnabled: false, pageLoadStrategy: normal, platform: XP, platformName: XP, rotatable: false, setWindowRect: true, takesHeapSnapshot: true, takesScreenshot: true, unexpectedAlertBehaviour: , unhandledPromptBehavior: , version: 68.0.3440.106, webStorageEnabled: true}\nSession ID: 8326d8f8c14f88a57e284786cd0431f8)","description":"","startTime":1534244798668,"endTime":1534244799230,"childRecords":[{"testStatus":{"stackTrace":"","statusValue":"FAILED"},"attachment":"1534244798828.png","type":"MESSAGE","name":"","message":"Unable to click on object \u0027Object Repository/CreateUser/Page_Databox/a_Databoards\u0027 (Root cause: org.openqa.selenium.WebDriverException: unknown error: Element \u003ca id\u003d\"ember72\" href\u003d\"/databoards\" class\u003d\"ember-view\"\u003e...\u003c/a\u003e is not clickable at point (83, 96). Other element would receive the click: \u003cdiv class\u003d\"modal-overlay\" data-ember-action\u003d\"\" data-ember-action-130\u003d\"130\"\u003e\u003c/div\u003e\n  (Session info: chrome\u003d68.0.3440.106)\n  (Driver info: chromedriver\u003d2.35.528161 (5b82f2d2aae0ca24b877009200ced9065a772e73),platform\u003dWindows NT 6.1.7601 SP1 x86_64) (WARNING: The server did not provide any stacktrace information)\nCommand duration or timeout: 0 milliseconds\nBuild info: version: \u00273.7.1\u0027, revision: \u00278a0099a\u0027, time: \u00272017-11-06T21:07:36.161Z\u0027\nSystem info: host: \u0027I3-PC\u0027, ip: \u0027192.168.1.140\u0027, os.name: \u0027Windows 7\u0027, os.arch: \u0027amd64\u0027, os.version: \u00276.1\u0027, java.version: \u00271.8.0_102\u0027\nDriver info: com.kms.katalon.selenium.driver.CChromeDriver\nCapabilities {acceptInsecureCerts: false, acceptSslCerts: false, applicationCacheEnabled: false, browserConnectionEnabled: false, browserName: chrome, chrome: {chromedriverVersion: 2.35.528161 (5b82f2d2aae0ca..., userDataDir: C:\\Users\\i3\\AppData\\Local\\T...}, cssSelectorsEnabled: true, databaseEnabled: false, handlesAlerts: true, hasTouchScreen: false, javascriptEnabled: true, locationContextEnabled: true, mobileEmulationEnabled: false, nativeEvents: true, networkConnectionEnabled: false, pageLoadStrategy: normal, platform: XP, platformName: XP, rotatable: false, setWindowRect: true, takesHeapSnapshot: true, takesScreenshot: true, unexpectedAlertBehaviour: , unhandledPromptBehavior: , version: 68.0.3440.106, webStorageEnabled: true}\nSession ID: 8326d8f8c14f88a57e284786cd0431f8)","startTime":1534244799228,"endTime":0,"childRecords":[],"interuppted":false}],"interuppted":false},{"testStatus":{"stackTrace":"","statusValue":"FAILED"},"type":"MESSAGE","name":"","message":"Test Cases/CreateUser FAILED because (of) Unable to click on object \u0027Object Repository/CreateUser/Page_Databox/a_Databoards\u0027 (Root cause: org.openqa.selenium.WebDriverException: unknown error: Element \u003ca id\u003d\"ember72\" href\u003d\"/databoards\" class\u003d\"ember-view\"\u003e...\u003c/a\u003e is not clickable at point (83, 96). Other element would receive the click: \u003cdiv class\u003d\"modal-overlay\" data-ember-action\u003d\"\" data-ember-action-130\u003d\"130\"\u003e\u003c/div\u003e\n  (Session info: chrome\u003d68.0.3440.106)\n  (Driver info: chromedriver\u003d2.35.528161 (5b82f2d2aae0ca24b877009200ced9065a772e73),platform\u003dWindows NT 6.1.7601 SP1 x86_64) (WARNING: The server did not provide any stacktrace information)\nCommand duration or timeout: 0 milliseconds\nBuild info: version: \u00273.7.1\u0027, revision: \u00278a0099a\u0027, time: \u00272017-11-06T21:07:36.161Z\u0027\nSystem info: host: \u0027I3-PC\u0027, ip: \u0027192.168.1.140\u0027, os.name: \u0027Windows 7\u0027, os.arch: \u0027amd64\u0027, os.version: \u00276.1\u0027, java.version: \u00271.8.0_102\u0027\nDriver info: com.kms.katalon.selenium.driver.CChromeDriver\nCapabilities {acceptInsecureCerts: false, acceptSslCerts: false, applicationCacheEnabled: false, browserConnectionEnabled: false, browserName: chrome, chrome: {chromedriverVersion: 2.35.528161 (5b82f2d2aae0ca..., userDataDir: C:\\Users\\i3\\AppData\\Local\\T...}, cssSelectorsEnabled: true, databaseEnabled: false, handlesAlerts: true, hasTouchScreen: false, javascriptEnabled: true, locationContextEnabled: true, mobileEmulationEnabled: false, nativeEvents: true, networkConnectionEnabled: false, pageLoadStrategy: normal, platform: XP, platformName: XP, rotatable: false, setWindowRect: true, takesHeapSnapshot: true, takesScreenshot: true, unexpectedAlertBehaviour: , unhandledPromptBehavior: , version: 68.0.3440.106, webStorageEnabled: true}\nSession ID: 8326d8f8c14f88a57e284786cd0431f8)","startTime":1534244799231,"endTime":0,"childRecords":[],"interuppted":false}],"interuppted":false},{"isOptional":false,"type":"TEST_CASE","name":"Test Cases/DeleteUser","id":"Test Cases/DeleteUser","source":"C:\\\\Users\\\\i3\\\\Katalon Studio\\\\Databox_Katalon\\\\Test Cases\\\\DeleteUser.tc","message":"Test Cases/DeleteUser FAILED because (of) Unable to click on object \u0027Object Repository/DeleteUser/Page_Databox/a_Delete\u0027 (Root cause: com.kms.katalon.core.webui.exception.WebElementNotFoundException: Web element with id: \u0027Object Repository/DeleteUser/Page_Databox/a_Delete\u0027 located by \u0027By.xpath: //a[(text() \u003d \u0027\n                        \n                                        Delete\n                \u0027 or . \u003d \u0027\n                        \n                                        Delete\n                \u0027)]\u0027 not found)","description":"","startTime":1534244799290,"endTime":1534244833001,"childRecords":[{"testStatus":{"stackTrace":"","statusValue":"INFO"},"type":"MESSAGE","name":"","message":"Evaluating variables for test case","startTime":1534244799300,"endTime":0,"childRecords":[],"interuppted":false},{"index":1,"isIgnoredIfFailed":false,"type":"TEST_STEP","name":"click","message":"Object: \u0027Object Repository/DeleteUser/Page_Databox/a_KN        Account\u0027 is clicked on","description":"","startTime":1534244799488,"endTime":1534244800300,"childRecords":[{"testStatus":{"stackTrace":"","statusValue":"PASSED"},"type":"MESSAGE","name":"","message":"Object: \u0027Object Repository/DeleteUser/Page_Databox/a_KN        Account\u0027 is clicked on","startTime":1534244800299,"endTime":0,"childRecords":[],"interuppted":false}],"interuppted":false},{"index":2,"isIgnoredIfFailed":false,"type":"TEST_STEP","name":"click","message":"Object: \u0027Object Repository/DeleteUser/Page_Databox/a_User Management\u0027 is clicked on","description":"","startTime":1534244800300,"endTime":1534244800432,"childRecords":[{"testStatus":{"stackTrace":"","statusValue":"PASSED"},"type":"MESSAGE","name":"","message":"Object: \u0027Object Repository/DeleteUser/Page_Databox/a_User Management\u0027 is clicked on","startTime":1534244800431,"endTime":0,"childRecords":[],"interuppted":false}],"interuppted":false},{"index":3,"isIgnoredIfFailed":false,"type":"TEST_STEP","name":"click","message":"Object: \u0027Object Repository/DeleteUser/Page_Databox/span_icon icon-arrow-down\u0027 is clicked on","description":"","startTime":1534244800433,"endTime":1534244800564,"childRecords":[{"testStatus":{"stackTrace":"","statusValue":"PASSED"},"type":"MESSAGE","name":"","message":"Object: \u0027Object Repository/DeleteUser/Page_Databox/span_icon icon-arrow-down\u0027 is clicked on","startTime":1534244800563,"endTime":0,"childRecords":[],"interuppted":false}],"interuppted":false},{"attachment":"1534244832530.png","index":4,"isIgnoredIfFailed":false,"type":"TEST_STEP","name":"click","message":"Unable to click on object \u0027Object Repository/DeleteUser/Page_Databox/a_Delete\u0027 (Root cause: com.kms.katalon.core.webui.exception.WebElementNotFoundException: Web element with id: \u0027Object Repository/DeleteUser/Page_Databox/a_Delete\u0027 located by \u0027By.xpath: //a[(text() \u003d \u0027\n                        \n                                        Delete\n                \u0027 or . \u003d \u0027\n                        \n                                        Delete\n                \u0027)]\u0027 not found)","description":"","startTime":1534244800565,"endTime":1534244832997,"childRecords":[{"testStatus":{"stackTrace":"","statusValue":"FAILED"},"attachment":"1534244832530.png","type":"MESSAGE","name":"","message":"Unable to click on object \u0027Object Repository/DeleteUser/Page_Databox/a_Delete\u0027 (Root cause: com.kms.katalon.core.webui.exception.WebElementNotFoundException: Web element with id: \u0027Object Repository/DeleteUser/Page_Databox/a_Delete\u0027 located by \u0027By.xpath: //a[(text() \u003d \u0027\n                        \n                                        Delete\n                \u0027 or . \u003d \u0027\n                        \n                                        Delete\n                \u0027)]\u0027 not found)","startTime":1534244832996,"endTime":0,"childRecords":[],"interuppted":false}],"interuppted":false},{"testStatus":{"stackTrace":"","statusValue":"FAILED"},"type":"MESSAGE","name":"","message":"Test Cases/DeleteUser FAILED because (of) Unable to click on object \u0027Object Repository/DeleteUser/Page_Databox/a_Delete\u0027 (Root cause: com.kms.katalon.core.webui.exception.WebElementNotFoundException: Web element with id: \u0027Object Repository/DeleteUser/Page_Databox/a_Delete\u0027 located by \u0027By.xpath: //a[(text() \u003d \u0027\n                        \n                                        Delete\n                \u0027 or . \u003d \u0027\n                        \n                                        Delete\n                \u0027)]\u0027 not found)","startTime":1534244833000,"endTime":0,"childRecords":[],"interuppted":false}],"interuppted":false}],"interuppted":false}