{"devicePlatform":"","logFolder":"C:\\Users\\i3\\Katalon Studio\\Databox_Katalon\\Reports\\CreateUser_DeleteUser\\20180814_124445","runData":{"hostName":"i3 - i3-PC","os":"Windows 7 64bit","katalonVersion":"5.6.0.1","browser":"Chrome 68.0.3440.106","hostAddress":"192.168.1.140","sessionId":"a3144497c8d27f693432ea62e6bbea81","seleniumVersion":"3.7.1","proxyInformation":"ProxyInformation{proxyOption\u003dNO_PROXY, proxyServerType\u003dHTTP, password\u003d, proxyServerAddress\u003d, proxyServerPort\u003d0}","platform":"Windows 7"},"type":"TEST_SUITE","name":"CreateUser_DeleteUser","id":"Test Suites/CreateUser_DeleteUser","source":"","message":"Test Cases/CreateUser FAILED because (of) Unable to click on object \u0027Object Repository/CreateUser/Page_Databox/span_Databoards\u0027 (Root cause: org.openqa.selenium.WebDriverException: unknown error: Element \u003cspan class\u003d\"icon icon-boards\"\u003e...\u003c/span\u003e is not clickable at point (83, 96). Other element would receive the click: \u003cdiv class\u003d\"modal-overlay\" data-ember-action\u003d\"\" data-ember-action-144\u003d\"144\"\u003e\u003c/div\u003e\n  (Session info: chrome\u003d68.0.3440.106)\n  (Driver info: chromedriver\u003d2.35.528161 (5b82f2d2aae0ca24b877009200ced9065a772e73),platform\u003dWindows NT 6.1.7601 SP1 x86_64) (WARNING: The server did not provide any stacktrace information)\nCommand duration or timeout: 0 milliseconds\nBuild info: version: \u00273.7.1\u0027, revision: \u00278a0099a\u0027, time: \u00272017-11-06T21:07:36.161Z\u0027\nSystem info: host: \u0027I3-PC\u0027, ip: \u0027192.168.1.140\u0027, os.name: \u0027Windows 7\u0027, os.arch: \u0027amd64\u0027, os.version: \u00276.1\u0027, java.version: \u00271.8.0_102\u0027\nDriver info: com.kms.katalon.selenium.driver.CChromeDriver\nCapabilities {acceptInsecureCerts: false, acceptSslCerts: false, applicationCacheEnabled: false, browserConnectionEnabled: false, browserName: chrome, chrome: {chromedriverVersion: 2.35.528161 (5b82f2d2aae0ca..., userDataDir: C:\\Users\\i3\\AppData\\Local\\T...}, cssSelectorsEnabled: true, databaseEnabled: false, handlesAlerts: true, hasTouchScreen: false, javascriptEnabled: true, locationContextEnabled: true, mobileEmulationEnabled: false, nativeEvents: true, networkConnectionEnabled: false, pageLoadStrategy: normal, platform: XP, platformName: XP, rotatable: false, setWindowRect: true, takesHeapSnapshot: true, takesScreenshot: true, unexpectedAlertBehaviour: , unhandledPromptBehavior: , version: 68.0.3440.106, webStorageEnabled: true}\nSession ID: a3144497c8d27f693432ea62e6bbea81)","description":"","startTime":1534243488696,"endTime":1534243510519,"childRecords":[{"isOptional":false,"type":"TEST_CASE","name":"Test Cases/LoginAccountCompany","id":"Test Cases/LoginAccountCompany","source":"C:\\\\Users\\\\i3\\\\Katalon Studio\\\\Databox_Katalon\\\\Test Cases\\\\LoginAccountCompany.tc","message":"Test Cases/LoginAccountCompany","description":"","startTime":1534243489321,"endTime":1534243498344,"childRecords":[{"testStatus":{"stackTrace":"","statusValue":"INFO"},"type":"MESSAGE","name":"","message":"Evaluating variables for test case","startTime":1534243489361,"endTime":0,"childRecords":[],"interuppted":false},{"index":1,"isIgnoredIfFailed":false,"type":"TEST_STEP","name":"openBrowser","message":"Browser is opened with url: \u0027\u0027","description":"","startTime":1534243489889,"endTime":1534243494512,"childRecords":[{"testStatus":{"stackTrace":"","statusValue":"PASSED"},"type":"MESSAGE","name":"","message":"Browser is opened with url: \u0027\u0027","startTime":1534243494509,"endTime":0,"childRecords":[],"interuppted":false}],"interuppted":false},{"index":2,"isIgnoredIfFailed":false,"type":"TEST_STEP","name":"navigateToUrl","message":"Navigate to \u0027https://app.databox.com/\u0027 successfully","description":"","startTime":1534243494513,"endTime":1534243496747,"childRecords":[{"testStatus":{"stackTrace":"","statusValue":"PASSED"},"type":"MESSAGE","name":"","message":"Navigate to \u0027https://app.databox.com/\u0027 successfully","startTime":1534243496746,"endTime":0,"childRecords":[],"interuppted":false}],"interuppted":false},{"index":3,"isIgnoredIfFailed":false,"type":"TEST_STEP","name":"setText","message":"Text \u0027mihael+katalontest@databox.com\u0027 is set on object \u0027Object Repository/LoginAccountCompany/Page_Databox/input_email\u0027","description":"","startTime":1534243496748,"endTime":1534243497483,"childRecords":[{"testStatus":{"stackTrace":"","statusValue":"PASSED"},"type":"MESSAGE","name":"","message":"Text \u0027mihael+katalontest@databox.com\u0027 is set on object \u0027Object Repository/LoginAccountCompany/Page_Databox/input_email\u0027","startTime":1534243497482,"endTime":0,"childRecords":[],"interuppted":false}],"interuppted":false},{"index":4,"isIgnoredIfFailed":false,"type":"TEST_STEP","name":"setEncryptedText","message":"Text ****** has been set on object \u0027Object Repository/LoginAccountCompany/Page_Databox/input_password\u0027","description":"","startTime":1534243497484,"endTime":1534243498112,"childRecords":[{"testStatus":{"stackTrace":"","statusValue":"PASSED"},"type":"MESSAGE","name":"","message":"Text ****** has been set on object \u0027Object Repository/LoginAccountCompany/Page_Databox/input_password\u0027","startTime":1534243498111,"endTime":0,"childRecords":[],"interuppted":false}],"interuppted":false},{"index":5,"isIgnoredIfFailed":false,"type":"TEST_STEP","name":"click","message":"Object: \u0027Object Repository/LoginAccountCompany/Page_Databox/button_Sign in\u0027 is clicked on","description":"","startTime":1534243498113,"endTime":1534243498343,"childRecords":[{"testStatus":{"stackTrace":"","statusValue":"PASSED"},"type":"MESSAGE","name":"","message":"Object: \u0027Object Repository/LoginAccountCompany/Page_Databox/button_Sign in\u0027 is clicked on","startTime":1534243498342,"endTime":0,"childRecords":[],"interuppted":false}],"interuppted":false},{"testStatus":{"stackTrace":"","statusValue":"PASSED"},"type":"MESSAGE","name":"","message":"Test Cases/LoginAccountCompany","startTime":1534243498343,"endTime":0,"childRecords":[],"interuppted":false}],"interuppted":false},{"isOptional":false,"type":"TEST_CASE","name":"Test Cases/CreateUser","id":"Test Cases/CreateUser","source":"C:\\\\Users\\\\i3\\\\Katalon Studio\\\\Databox_Katalon\\\\Test Cases\\\\CreateUser.tc","message":"Test Cases/CreateUser FAILED because (of) Unable to click on object \u0027Object Repository/CreateUser/Page_Databox/span_Databoards\u0027 (Root cause: org.openqa.selenium.WebDriverException: unknown error: Element \u003cspan class\u003d\"icon icon-boards\"\u003e...\u003c/span\u003e is not clickable at point (83, 96). Other element would receive the click: \u003cdiv class\u003d\"modal-overlay\" data-ember-action\u003d\"\" data-ember-action-144\u003d\"144\"\u003e\u003c/div\u003e\n  (Session info: chrome\u003d68.0.3440.106)\n  (Driver info: chromedriver\u003d2.35.528161 (5b82f2d2aae0ca24b877009200ced9065a772e73),platform\u003dWindows NT 6.1.7601 SP1 x86_64) (WARNING: The server did not provide any stacktrace information)\nCommand duration or timeout: 0 milliseconds\nBuild info: version: \u00273.7.1\u0027, revision: \u00278a0099a\u0027, time: \u00272017-11-06T21:07:36.161Z\u0027\nSystem info: host: \u0027I3-PC\u0027, ip: \u0027192.168.1.140\u0027, os.name: \u0027Windows 7\u0027, os.arch: \u0027amd64\u0027, os.version: \u00276.1\u0027, java.version: \u00271.8.0_102\u0027\nDriver info: com.kms.katalon.selenium.driver.CChromeDriver\nCapabilities {acceptInsecureCerts: false, acceptSslCerts: false, applicationCacheEnabled: false, browserConnectionEnabled: false, browserName: chrome, chrome: {chromedriverVersion: 2.35.528161 (5b82f2d2aae0ca..., userDataDir: C:\\Users\\i3\\AppData\\Local\\T...}, cssSelectorsEnabled: true, databaseEnabled: false, handlesAlerts: true, hasTouchScreen: false, javascriptEnabled: true, locationContextEnabled: true, mobileEmulationEnabled: false, nativeEvents: true, networkConnectionEnabled: false, pageLoadStrategy: normal, platform: XP, platformName: XP, rotatable: false, setWindowRect: true, takesHeapSnapshot: true, takesScreenshot: true, unexpectedAlertBehaviour: , unhandledPromptBehavior: , version: 68.0.3440.106, webStorageEnabled: true}\nSession ID: a3144497c8d27f693432ea62e6bbea81)","description":"","startTime":1534243498349,"endTime":1534243508135,"childRecords":[{"testStatus":{"stackTrace":"","statusValue":"INFO"},"type":"MESSAGE","name":"","message":"Evaluating variables for test case","startTime":1534243498377,"endTime":0,"childRecords":[],"interuppted":false},{"index":1,"isIgnoredIfFailed":false,"type":"TEST_STEP","name":"click","message":"Object: \u0027Object Repository/CreateUser/Page_Databox/a_KN        Account\u0027 is clicked on","description":"","startTime":1534243498628,"endTime":1534243504571,"childRecords":[{"testStatus":{"stackTrace":"","statusValue":"PASSED"},"type":"MESSAGE","name":"","message":"Object: \u0027Object Repository/CreateUser/Page_Databox/a_KN        Account\u0027 is clicked on","startTime":1534243504570,"endTime":0,"childRecords":[],"interuppted":false}],"interuppted":false},{"index":2,"isIgnoredIfFailed":false,"type":"TEST_STEP","name":"click","message":"Object: \u0027Object Repository/CreateUser/Page_Databox/a_User Management\u0027 is clicked on","description":"","startTime":1534243504571,"endTime":1534243505352,"childRecords":[{"testStatus":{"stackTrace":"","statusValue":"PASSED"},"type":"MESSAGE","name":"","message":"Object: \u0027Object Repository/CreateUser/Page_Databox/a_User Management\u0027 is clicked on","startTime":1534243505352,"endTime":0,"childRecords":[],"interuppted":false}],"interuppted":false},{"index":3,"isIgnoredIfFailed":false,"type":"TEST_STEP","name":"click","message":"Object: \u0027Object Repository/CreateUser/Page_Databox/a_New user\u0027 is clicked on","description":"","startTime":1534243505353,"endTime":1534243505659,"childRecords":[{"testStatus":{"stackTrace":"","statusValue":"PASSED"},"type":"MESSAGE","name":"","message":"Object: \u0027Object Repository/CreateUser/Page_Databox/a_New user\u0027 is clicked on","startTime":1534243505658,"endTime":0,"childRecords":[],"interuppted":false}],"interuppted":false},{"index":4,"isIgnoredIfFailed":false,"type":"TEST_STEP","name":"setText","message":"Text \u0027user 2\u0027 is set on object \u0027Object Repository/CreateUser/Page_Databox/input_name\u0027","description":"","startTime":1534243505659,"endTime":1534243506591,"childRecords":[{"testStatus":{"stackTrace":"","statusValue":"PASSED"},"type":"MESSAGE","name":"","message":"Text \u0027user 2\u0027 is set on object \u0027Object Repository/CreateUser/Page_Databox/input_name\u0027","startTime":1534243506590,"endTime":0,"childRecords":[],"interuppted":false}],"interuppted":false},{"index":5,"isIgnoredIfFailed":false,"type":"TEST_STEP","name":"setText","message":"Text \u0027mihael+user2katalon@databox.com\u0027 is set on object \u0027Object Repository/CreateUser/Page_Databox/input_email\u0027","description":"","startTime":1534243506592,"endTime":1534243507276,"childRecords":[{"testStatus":{"stackTrace":"","statusValue":"PASSED"},"type":"MESSAGE","name":"","message":"Text \u0027mihael+user2katalon@databox.com\u0027 is set on object \u0027Object Repository/CreateUser/Page_Databox/input_email\u0027","startTime":1534243507274,"endTime":0,"childRecords":[],"interuppted":false}],"interuppted":false},{"index":6,"isIgnoredIfFailed":false,"type":"TEST_STEP","name":"click","message":"Object: \u0027Object Repository/CreateUser/Page_Databox/a_Send invitation\u0027 is clicked on","description":"","startTime":1534243507277,"endTime":1534243507453,"childRecords":[{"testStatus":{"stackTrace":"","statusValue":"PASSED"},"type":"MESSAGE","name":"","message":"Object: \u0027Object Repository/CreateUser/Page_Databox/a_Send invitation\u0027 is clicked on","startTime":1534243507452,"endTime":0,"childRecords":[],"interuppted":false}],"interuppted":false},{"index":7,"isIgnoredIfFailed":false,"type":"TEST_STEP","name":"verifyElementPresent","message":"Object \u0027Object Repository/CreateUser/Page_Databox/strong_User 2\u0027 is present","description":"","startTime":1534243507453,"endTime":1534243507514,"childRecords":[{"testStatus":{"stackTrace":"","statusValue":"PASSED"},"type":"MESSAGE","name":"","message":"Object \u0027Object Repository/CreateUser/Page_Databox/strong_User 2\u0027 is present","startTime":1534243507513,"endTime":0,"childRecords":[],"interuppted":false}],"interuppted":false},{"attachment":"1534243507688.png","index":8,"isIgnoredIfFailed":false,"type":"TEST_STEP","name":"click","message":"Unable to click on object \u0027Object Repository/CreateUser/Page_Databox/span_Databoards\u0027 (Root cause: org.openqa.selenium.WebDriverException: unknown error: Element \u003cspan class\u003d\"icon icon-boards\"\u003e...\u003c/span\u003e is not clickable at point (83, 96). Other element would receive the click: \u003cdiv class\u003d\"modal-overlay\" data-ember-action\u003d\"\" data-ember-action-144\u003d\"144\"\u003e\u003c/div\u003e\n  (Session info: chrome\u003d68.0.3440.106)\n  (Driver info: chromedriver\u003d2.35.528161 (5b82f2d2aae0ca24b877009200ced9065a772e73),platform\u003dWindows NT 6.1.7601 SP1 x86_64) (WARNING: The server did not provide any stacktrace information)\nCommand duration or timeout: 0 milliseconds\nBuild info: version: \u00273.7.1\u0027, revision: \u00278a0099a\u0027, time: \u00272017-11-06T21:07:36.161Z\u0027\nSystem info: host: \u0027I3-PC\u0027, ip: \u0027192.168.1.140\u0027, os.name: \u0027Windows 7\u0027, os.arch: \u0027amd64\u0027, os.version: \u00276.1\u0027, java.version: \u00271.8.0_102\u0027\nDriver info: com.kms.katalon.selenium.driver.CChromeDriver\nCapabilities {acceptInsecureCerts: false, acceptSslCerts: false, applicationCacheEnabled: false, browserConnectionEnabled: false, browserName: chrome, chrome: {chromedriverVersion: 2.35.528161 (5b82f2d2aae0ca..., userDataDir: C:\\Users\\i3\\AppData\\Local\\T...}, cssSelectorsEnabled: true, databaseEnabled: false, handlesAlerts: true, hasTouchScreen: false, javascriptEnabled: true, locationContextEnabled: true, mobileEmulationEnabled: false, nativeEvents: true, networkConnectionEnabled: false, pageLoadStrategy: normal, platform: XP, platformName: XP, rotatable: false, setWindowRect: true, takesHeapSnapshot: true, takesScreenshot: true, unexpectedAlertBehaviour: , unhandledPromptBehavior: , version: 68.0.3440.106, webStorageEnabled: true}\nSession ID: a3144497c8d27f693432ea62e6bbea81)","description":"","startTime":1534243507514,"endTime":1534243508131,"childRecords":[{"testStatus":{"stackTrace":"","statusValue":"FAILED"},"attachment":"1534243507688.png","type":"MESSAGE","name":"","message":"Unable to click on object \u0027Object Repository/CreateUser/Page_Databox/span_Databoards\u0027 (Root cause: org.openqa.selenium.WebDriverException: unknown error: Element \u003cspan class\u003d\"icon icon-boards\"\u003e...\u003c/span\u003e is not clickable at point (83, 96). Other element would receive the click: \u003cdiv class\u003d\"modal-overlay\" data-ember-action\u003d\"\" data-ember-action-144\u003d\"144\"\u003e\u003c/div\u003e\n  (Session info: chrome\u003d68.0.3440.106)\n  (Driver info: chromedriver\u003d2.35.528161 (5b82f2d2aae0ca24b877009200ced9065a772e73),platform\u003dWindows NT 6.1.7601 SP1 x86_64) (WARNING: The server did not provide any stacktrace information)\nCommand duration or timeout: 0 milliseconds\nBuild info: version: \u00273.7.1\u0027, revision: \u00278a0099a\u0027, time: \u00272017-11-06T21:07:36.161Z\u0027\nSystem info: host: \u0027I3-PC\u0027, ip: \u0027192.168.1.140\u0027, os.name: \u0027Windows 7\u0027, os.arch: \u0027amd64\u0027, os.version: \u00276.1\u0027, java.version: \u00271.8.0_102\u0027\nDriver info: com.kms.katalon.selenium.driver.CChromeDriver\nCapabilities {acceptInsecureCerts: false, acceptSslCerts: false, applicationCacheEnabled: false, browserConnectionEnabled: false, browserName: chrome, chrome: {chromedriverVersion: 2.35.528161 (5b82f2d2aae0ca..., userDataDir: C:\\Users\\i3\\AppData\\Local\\T...}, cssSelectorsEnabled: true, databaseEnabled: false, handlesAlerts: true, hasTouchScreen: false, javascriptEnabled: true, locationContextEnabled: true, mobileEmulationEnabled: false, nativeEvents: true, networkConnectionEnabled: false, pageLoadStrategy: normal, platform: XP, platformName: XP, rotatable: false, setWindowRect: true, takesHeapSnapshot: true, takesScreenshot: true, unexpectedAlertBehaviour: , unhandledPromptBehavior: , version: 68.0.3440.106, webStorageEnabled: true}\nSession ID: a3144497c8d27f693432ea62e6bbea81)","startTime":1534243508128,"endTime":0,"childRecords":[],"interuppted":false}],"interuppted":false},{"testStatus":{"stackTrace":"","statusValue":"FAILED"},"type":"MESSAGE","name":"","message":"Test Cases/CreateUser FAILED because (of) Unable to click on object \u0027Object Repository/CreateUser/Page_Databox/span_Databoards\u0027 (Root cause: org.openqa.selenium.WebDriverException: unknown error: Element \u003cspan class\u003d\"icon icon-boards\"\u003e...\u003c/span\u003e is not clickable at point (83, 96). Other element would receive the click: \u003cdiv class\u003d\"modal-overlay\" data-ember-action\u003d\"\" data-ember-action-144\u003d\"144\"\u003e\u003c/div\u003e\n  (Session info: chrome\u003d68.0.3440.106)\n  (Driver info: chromedriver\u003d2.35.528161 (5b82f2d2aae0ca24b877009200ced9065a772e73),platform\u003dWindows NT 6.1.7601 SP1 x86_64) (WARNING: The server did not provide any stacktrace information)\nCommand duration or timeout: 0 milliseconds\nBuild info: version: \u00273.7.1\u0027, revision: \u00278a0099a\u0027, time: \u00272017-11-06T21:07:36.161Z\u0027\nSystem info: host: \u0027I3-PC\u0027, ip: \u0027192.168.1.140\u0027, os.name: \u0027Windows 7\u0027, os.arch: \u0027amd64\u0027, os.version: \u00276.1\u0027, java.version: \u00271.8.0_102\u0027\nDriver info: com.kms.katalon.selenium.driver.CChromeDriver\nCapabilities {acceptInsecureCerts: false, acceptSslCerts: false, applicationCacheEnabled: false, browserConnectionEnabled: false, browserName: chrome, chrome: {chromedriverVersion: 2.35.528161 (5b82f2d2aae0ca..., userDataDir: C:\\Users\\i3\\AppData\\Local\\T...}, cssSelectorsEnabled: true, databaseEnabled: false, handlesAlerts: true, hasTouchScreen: false, javascriptEnabled: true, locationContextEnabled: true, mobileEmulationEnabled: false, nativeEvents: true, networkConnectionEnabled: false, pageLoadStrategy: normal, platform: XP, platformName: XP, rotatable: false, setWindowRect: true, takesHeapSnapshot: true, takesScreenshot: true, unexpectedAlertBehaviour: , unhandledPromptBehavior: , version: 68.0.3440.106, webStorageEnabled: true}\nSession ID: a3144497c8d27f693432ea62e6bbea81)","startTime":1534243508131,"endTime":0,"childRecords":[],"interuppted":false}],"interuppted":false},{"isOptional":false,"type":"TEST_CASE","name":"Test Cases/DeleteUser","id":"Test Cases/DeleteUser","source":"C:\\\\Users\\\\i3\\\\Katalon Studio\\\\Databox_Katalon\\\\Test Cases\\\\DeleteUser.tc","message":"Test Cases/DeleteUser FAILED because (of) Unable to click on object \u0027Object Repository/DeleteUser/Page_Databox/a_KN        Account\u0027 (Root cause: org.openqa.selenium.WebDriverException: unknown error: Element \u003ca data-ember-action\u003d\"\" data-ember-action-62\u003d\"62\"\u003e...\u003c/a\u003e is not clickable at point (934, 38). Other element would receive the click: \u003cdiv class\u003d\"modal-overlay\" data-ember-action\u003d\"\" data-ember-action-144\u003d\"144\"\u003e\u003c/div\u003e\n  (Session info: chrome\u003d68.0.3440.106)\n  (Driver info: chromedriver\u003d2.35.528161 (5b82f2d2aae0ca24b877009200ced9065a772e73),platform\u003dWindows NT 6.1.7601 SP1 x86_64) (WARNING: The server did not provide any stacktrace information)\nCommand duration or timeout: 0 milliseconds\nBuild info: version: \u00273.7.1\u0027, revision: \u00278a0099a\u0027, time: \u00272017-11-06T21:07:36.161Z\u0027\nSystem info: host: \u0027I3-PC\u0027, ip: \u0027192.168.1.140\u0027, os.name: \u0027Windows 7\u0027, os.arch: \u0027amd64\u0027, os.version: \u00276.1\u0027, java.version: \u00271.8.0_102\u0027\nDriver info: com.kms.katalon.selenium.driver.CChromeDriver\nCapabilities {acceptInsecureCerts: false, acceptSslCerts: false, applicationCacheEnabled: false, browserConnectionEnabled: false, browserName: chrome, chrome: {chromedriverVersion: 2.35.528161 (5b82f2d2aae0ca..., userDataDir: C:\\Users\\i3\\AppData\\Local\\T...}, cssSelectorsEnabled: true, databaseEnabled: false, handlesAlerts: true, hasTouchScreen: false, javascriptEnabled: true, locationContextEnabled: true, mobileEmulationEnabled: false, nativeEvents: true, networkConnectionEnabled: false, pageLoadStrategy: normal, platform: XP, platformName: XP, rotatable: false, setWindowRect: true, takesHeapSnapshot: true, takesScreenshot: true, unexpectedAlertBehaviour: , unhandledPromptBehavior: , version: 68.0.3440.106, webStorageEnabled: true}\nSession ID: a3144497c8d27f693432ea62e6bbea81)","description":"","startTime":1534243508139,"endTime":1534243509809,"childRecords":[{"testStatus":{"stackTrace":"","statusValue":"INFO"},"type":"MESSAGE","name":"","message":"Evaluating variables for test case","startTime":1534243508149,"endTime":0,"childRecords":[],"interuppted":false},{"attachment":"1534243508763.png","index":1,"isIgnoredIfFailed":false,"type":"TEST_STEP","name":"click","message":"Unable to click on object \u0027Object Repository/DeleteUser/Page_Databox/a_KN        Account\u0027 (Root cause: org.openqa.selenium.WebDriverException: unknown error: Element \u003ca data-ember-action\u003d\"\" data-ember-action-62\u003d\"62\"\u003e...\u003c/a\u003e is not clickable at point (934, 38). Other element would receive the click: \u003cdiv class\u003d\"modal-overlay\" data-ember-action\u003d\"\" data-ember-action-144\u003d\"144\"\u003e\u003c/div\u003e\n  (Session info: chrome\u003d68.0.3440.106)\n  (Driver info: chromedriver\u003d2.35.528161 (5b82f2d2aae0ca24b877009200ced9065a772e73),platform\u003dWindows NT 6.1.7601 SP1 x86_64) (WARNING: The server did not provide any stacktrace information)\nCommand duration or timeout: 0 milliseconds\nBuild info: version: \u00273.7.1\u0027, revision: \u00278a0099a\u0027, time: \u00272017-11-06T21:07:36.161Z\u0027\nSystem info: host: \u0027I3-PC\u0027, ip: \u0027192.168.1.140\u0027, os.name: \u0027Windows 7\u0027, os.arch: \u0027amd64\u0027, os.version: \u00276.1\u0027, java.version: \u00271.8.0_102\u0027\nDriver info: com.kms.katalon.selenium.driver.CChromeDriver\nCapabilities {acceptInsecureCerts: false, acceptSslCerts: false, applicationCacheEnabled: false, browserConnectionEnabled: false, browserName: chrome, chrome: {chromedriverVersion: 2.35.528161 (5b82f2d2aae0ca..., userDataDir: C:\\Users\\i3\\AppData\\Local\\T...}, cssSelectorsEnabled: true, databaseEnabled: false, handlesAlerts: true, hasTouchScreen: false, javascriptEnabled: true, locationContextEnabled: true, mobileEmulationEnabled: false, nativeEvents: true, networkConnectionEnabled: false, pageLoadStrategy: normal, platform: XP, platformName: XP, rotatable: false, setWindowRect: true, takesHeapSnapshot: true, takesScreenshot: true, unexpectedAlertBehaviour: , unhandledPromptBehavior: , version: 68.0.3440.106, webStorageEnabled: true}\nSession ID: a3144497c8d27f693432ea62e6bbea81)","description":"","startTime":1534243508359,"endTime":1534243509806,"childRecords":[{"testStatus":{"stackTrace":"","statusValue":"FAILED"},"attachment":"1534243508763.png","type":"MESSAGE","name":"","message":"Unable to click on object \u0027Object Repository/DeleteUser/Page_Databox/a_KN        Account\u0027 (Root cause: org.openqa.selenium.WebDriverException: unknown error: Element \u003ca data-ember-action\u003d\"\" data-ember-action-62\u003d\"62\"\u003e...\u003c/a\u003e is not clickable at point (934, 38). Other element would receive the click: \u003cdiv class\u003d\"modal-overlay\" data-ember-action\u003d\"\" data-ember-action-144\u003d\"144\"\u003e\u003c/div\u003e\n  (Session info: chrome\u003d68.0.3440.106)\n  (Driver info: chromedriver\u003d2.35.528161 (5b82f2d2aae0ca24b877009200ced9065a772e73),platform\u003dWindows NT 6.1.7601 SP1 x86_64) (WARNING: The server did not provide any stacktrace information)\nCommand duration or timeout: 0 milliseconds\nBuild info: version: \u00273.7.1\u0027, revision: \u00278a0099a\u0027, time: \u00272017-11-06T21:07:36.161Z\u0027\nSystem info: host: \u0027I3-PC\u0027, ip: \u0027192.168.1.140\u0027, os.name: \u0027Windows 7\u0027, os.arch: \u0027amd64\u0027, os.version: \u00276.1\u0027, java.version: \u00271.8.0_102\u0027\nDriver info: com.kms.katalon.selenium.driver.CChromeDriver\nCapabilities {acceptInsecureCerts: false, acceptSslCerts: false, applicationCacheEnabled: false, browserConnectionEnabled: false, browserName: chrome, chrome: {chromedriverVersion: 2.35.528161 (5b82f2d2aae0ca..., userDataDir: C:\\Users\\i3\\AppData\\Local\\T...}, cssSelectorsEnabled: true, databaseEnabled: false, handlesAlerts: true, hasTouchScreen: false, javascriptEnabled: true, locationContextEnabled: true, mobileEmulationEnabled: false, nativeEvents: true, networkConnectionEnabled: false, pageLoadStrategy: normal, platform: XP, platformName: XP, rotatable: false, setWindowRect: true, takesHeapSnapshot: true, takesScreenshot: true, unexpectedAlertBehaviour: , unhandledPromptBehavior: , version: 68.0.3440.106, webStorageEnabled: true}\nSession ID: a3144497c8d27f693432ea62e6bbea81)","startTime":1534243509803,"endTime":0,"childRecords":[],"interuppted":false}],"interuppted":false},{"testStatus":{"stackTrace":"","statusValue":"FAILED"},"type":"MESSAGE","name":"","message":"Test Cases/DeleteUser FAILED because (of) Unable to click on object \u0027Object Repository/DeleteUser/Page_Databox/a_KN        Account\u0027 (Root cause: org.openqa.selenium.WebDriverException: unknown error: Element \u003ca data-ember-action\u003d\"\" data-ember-action-62\u003d\"62\"\u003e...\u003c/a\u003e is not clickable at point (934, 38). Other element would receive the click: \u003cdiv class\u003d\"modal-overlay\" data-ember-action\u003d\"\" data-ember-action-144\u003d\"144\"\u003e\u003c/div\u003e\n  (Session info: chrome\u003d68.0.3440.106)\n  (Driver info: chromedriver\u003d2.35.528161 (5b82f2d2aae0ca24b877009200ced9065a772e73),platform\u003dWindows NT 6.1.7601 SP1 x86_64) (WARNING: The server did not provide any stacktrace information)\nCommand duration or timeout: 0 milliseconds\nBuild info: version: \u00273.7.1\u0027, revision: \u00278a0099a\u0027, time: \u00272017-11-06T21:07:36.161Z\u0027\nSystem info: host: \u0027I3-PC\u0027, ip: \u0027192.168.1.140\u0027, os.name: \u0027Windows 7\u0027, os.arch: \u0027amd64\u0027, os.version: \u00276.1\u0027, java.version: \u00271.8.0_102\u0027\nDriver info: com.kms.katalon.selenium.driver.CChromeDriver\nCapabilities {acceptInsecureCerts: false, acceptSslCerts: false, applicationCacheEnabled: false, browserConnectionEnabled: false, browserName: chrome, chrome: {chromedriverVersion: 2.35.528161 (5b82f2d2aae0ca..., userDataDir: C:\\Users\\i3\\AppData\\Local\\T...}, cssSelectorsEnabled: true, databaseEnabled: false, handlesAlerts: true, hasTouchScreen: false, javascriptEnabled: true, locationContextEnabled: true, mobileEmulationEnabled: false, nativeEvents: true, networkConnectionEnabled: false, pageLoadStrategy: normal, platform: XP, platformName: XP, rotatable: false, setWindowRect: true, takesHeapSnapshot: true, takesScreenshot: true, unexpectedAlertBehaviour: , unhandledPromptBehavior: , version: 68.0.3440.106, webStorageEnabled: true}\nSession ID: a3144497c8d27f693432ea62e6bbea81)","startTime":1534243509807,"endTime":0,"childRecords":[],"interuppted":false}],"interuppted":false}],"interuppted":false}