<?xml version="1.0" encoding="UTF-8"?>
<testsuites name="CreateUser_DeleteUser" time="25" tests="2" failures="1" errors="0">
   <testsuite name="CreateUser_DeleteUser" tests="2" failures="1" errors="0" time="25" timestamp="2018-08-14 12:55:07" hostname="i3 - i3-PC" id="Test Suites/CreateUser_DeleteUser">
      <properties>
         <property name="deviceName" value=""/>
         <property name="devicePlatform" value=""/>
         <property name="logFolder" value="C:\\Users\\i3\\Katalon Studio\\Databox_Katalon\\Reports\\CreateUser_DeleteUser\\20180814_125505"/>
         <property name="logFiles" value="C:\\Users\\i3\\Katalon Studio\\Databox_Katalon\\Reports\\CreateUser_DeleteUser\\20180814_125505\\execution0.log"/>
         <property name="attachments" value="C:\\Users\\i3\\Katalon Studio\\Databox_Katalon\\Reports\\CreateUser_DeleteUser\\20180814_125505\\1534244126926.png"/>
         <property name="hostName" value="i3 - i3-PC"/>
         <property name="os" value="Windows 7 64bit"/>
         <property name="katalonVersion" value="5.6.0.1"/>
         <property name="browser" value="Chrome 68.0.3440.106"/>
         <property name="hostAddress" value="192.168.1.140"/>
         <property name="sessionId" value="375268950ea0870e181b1c645a36f557"/>
         <property name="seleniumVersion" value="3.7.1"/>
         <property name="proxyInformation" value="ProxyInformation{proxyOption=NO_PROXY, proxyServerType=HTTP, password=, proxyServerAddress=, proxyServerPort=0}"/>
         <property name="platform" value="Windows 7"/>
      </properties>
      <testcase name="Test Cases/LoginAccountCompany" classname="Test Cases/LoginAccountCompany" status="PASSED">
         <system-out><![CDATA[2018-08-14 12:55:08 - [TEST_CASE][PASSED] - Test Cases/LoginAccountCompany: Test Cases/LoginAccountCompany

2018-08-14 12:55:09 - [TEST_STEP][PASSED] - openBrowser: Browser is opened with url: ''

2018-08-14 12:55:13 - [MESSAGE][PASSED] - Browser is opened with url: ''

2018-08-14 12:55:13 - [TEST_STEP][PASSED] - navigateToUrl: Navigate to 'https://app.databox.com/' successfully

2018-08-14 12:55:15 - [MESSAGE][PASSED] - Navigate to 'https://app.databox.com/' successfully

2018-08-14 12:55:15 - [TEST_STEP][PASSED] - setText: Text 'mihael+katalontest@databox.com' is set on object 'Object Repository/LoginAccountCompany/Page_Databox/input_email'

2018-08-14 12:55:16 - [MESSAGE][PASSED] - Text 'mihael+katalontest@databox.com' is set on object 'Object Repository/LoginAccountCompany/Page_Databox/input_email'

2018-08-14 12:55:16 - [TEST_STEP][PASSED] - setEncryptedText: Text ****** has been set on object 'Object Repository/LoginAccountCompany/Page_Databox/input_password'

2018-08-14 12:55:16 - [MESSAGE][PASSED] - Text ****** has been set on object 'Object Repository/LoginAccountCompany/Page_Databox/input_password'

2018-08-14 12:55:16 - [TEST_STEP][PASSED] - click: Object: 'Object Repository/LoginAccountCompany/Page_Databox/button_Sign in' is clicked on

2018-08-14 12:55:17 - [MESSAGE][PASSED] - Object: 'Object Repository/LoginAccountCompany/Page_Databox/button_Sign in' is clicked on]]></system-out>
         <system-err><![CDATA[]]></system-err>
      </testcase>
      <testcase name="Test Cases/CreateUser" classname="Test Cases/CreateUser" status="FAILED">
         <failure type="FAILED" message="Unable to click on object 'Object Repository/CreateUser/Page_Databox/span_Databoards' (Root cause: org.openqa.selenium.WebDriverException: unknown error: Element &lt;span class=&quot;icon icon-boards&quot;>...&lt;/span> is not clickable at point (83, 96). Other element would receive the click: &lt;div class=&quot;modal-overlay&quot; data-ember-action=&quot;&quot; data-ember-action-130=&quot;130&quot;>&lt;/div>
  (Session info: chrome=68.0.3440.106)
  (Driver info: chromedriver=2.35.528161 (5b82f2d2aae0ca24b877009200ced9065a772e73),platform=Windows NT 6.1.7601 SP1 x86_64) (WARNING: The server did not provide any stacktrace information)
Command duration or timeout: 0 milliseconds
Build info: version: '3.7.1', revision: '8a0099a', time: '2017-11-06T21:07:36.161Z'
System info: host: 'I3-PC', ip: '192.168.1.140', os.name: 'Windows 7', os.arch: 'amd64', os.version: '6.1', java.version: '1.8.0_102'
Driver info: com.kms.katalon.selenium.driver.CChromeDriver
Capabilities {acceptInsecureCerts: false, acceptSslCerts: false, applicationCacheEnabled: false, browserConnectionEnabled: false, browserName: chrome, chrome: {chromedriverVersion: 2.35.528161 (5b82f2d2aae0ca..., userDataDir: C:\Users\i3\AppData\Local\T...}, cssSelectorsEnabled: true, databaseEnabled: false, handlesAlerts: true, hasTouchScreen: false, javascriptEnabled: true, locationContextEnabled: true, mobileEmulationEnabled: false, nativeEvents: true, networkConnectionEnabled: false, pageLoadStrategy: normal, platform: XP, platformName: XP, rotatable: false, setWindowRect: true, takesHeapSnapshot: true, takesScreenshot: true, unexpectedAlertBehaviour: , unhandledPromptBehavior: , version: 68.0.3440.106, webStorageEnabled: true}
Session ID: 375268950ea0870e181b1c645a36f557)"/>
         <system-out><![CDATA[2018-08-14 12:55:17 - [TEST_CASE][FAILED] - Test Cases/CreateUser: Test Cases/CreateUser FAILED because (of) Unable to click on object 'Object Repository/CreateUser/Page_Databox/span_Databoards' (Root cause: org.openqa.selenium.WebDriverException: unknown error: Element <span class="icon icon-boards">...</span> is not clickable at point (83, 96). Other element would receive the click: <div class="modal-overlay" data-ember-action="" data-ember-action-130="130"></div>
  (Session info: chrome=68.0.3440.106)
  (Driver info: chromedriver=2.35.528161 (5b82f2d2aae0ca24b877009200ced9065a772e73),platform=Windows NT 6.1.7601 SP1 x86_64) (WARNING: The server did not provide any stacktrace information)
Command duration or timeout: 0 milliseconds
Build info: version: '3.7.1', revision: '8a0099a', time: '2017-11-06T21:07:36.161Z'
System info: host: 'I3-PC', ip: '192.168.1.140', os.name: 'Windows 7', os.arch: 'amd64', os.version: '6.1', java.version: '1.8.0_102'
Driver info: com.kms.katalon.selenium.driver.CChromeDriver
Capabilities {acceptInsecureCerts: false, acceptSslCerts: false, applicationCacheEnabled: false, browserConnectionEnabled: false, browserName: chrome, chrome: {chromedriverVersion: 2.35.528161 (5b82f2d2aae0ca..., userDataDir: C:\Users\i3\AppData\Local\T...}, cssSelectorsEnabled: true, databaseEnabled: false, handlesAlerts: true, hasTouchScreen: false, javascriptEnabled: true, locationContextEnabled: true, mobileEmulationEnabled: false, nativeEvents: true, networkConnectionEnabled: false, pageLoadStrategy: normal, platform: XP, platformName: XP, rotatable: false, setWindowRect: true, takesHeapSnapshot: true, takesScreenshot: true, unexpectedAlertBehaviour: , unhandledPromptBehavior: , version: 68.0.3440.106, webStorageEnabled: true}
Session ID: 375268950ea0870e181b1c645a36f557)

2018-08-14 12:55:17 - [TEST_STEP][PASSED] - click: Object: 'Object Repository/CreateUser/Page_Databox/a_KN        Account' is clicked on

2018-08-14 12:55:23 - [MESSAGE][PASSED] - Object: 'Object Repository/CreateUser/Page_Databox/a_KN        Account' is clicked on

2018-08-14 12:55:23 - [TEST_STEP][PASSED] - click: Object: 'Object Repository/CreateUser/Page_Databox/a_User Management' is clicked on

2018-08-14 12:55:23 - [MESSAGE][PASSED] - Object: 'Object Repository/CreateUser/Page_Databox/a_User Management' is clicked on

2018-08-14 12:55:23 - [TEST_STEP][PASSED] - click: Object: 'Object Repository/CreateUser/Page_Databox/a_New user' is clicked on

2018-08-14 12:55:24 - [MESSAGE][PASSED] - Object: 'Object Repository/CreateUser/Page_Databox/a_New user' is clicked on

2018-08-14 12:55:24 - [TEST_STEP][PASSED] - setText: Text 'user 2' is set on object 'Object Repository/CreateUser/Page_Databox/input_name'

2018-08-14 12:55:24 - [MESSAGE][PASSED] - Text 'user 2' is set on object 'Object Repository/CreateUser/Page_Databox/input_name'

2018-08-14 12:55:24 - [TEST_STEP][PASSED] - setText: Text 'mihael+user2katalon@databox.com' is set on object 'Object Repository/CreateUser/Page_Databox/input_email'

2018-08-14 12:55:25 - [MESSAGE][PASSED] - Text 'mihael+user2katalon@databox.com' is set on object 'Object Repository/CreateUser/Page_Databox/input_email'

2018-08-14 12:55:25 - [TEST_STEP][PASSED] - click: Object: 'Object Repository/CreateUser/Page_Databox/a_Send invitation' is clicked on

2018-08-14 12:55:25 - [MESSAGE][PASSED] - Object: 'Object Repository/CreateUser/Page_Databox/a_Send invitation' is clicked on

2018-08-14 12:55:25 - [TEST_STEP][PASSED] - verifyElementPresent: Object 'Object Repository/CreateUser/Page_Databox/strong_User 2' is present

2018-08-14 12:55:26 - [MESSAGE][PASSED] - Object 'Object Repository/CreateUser/Page_Databox/strong_User 2' is present

2018-08-14 12:55:26 - [TEST_STEP][FAILED] - click: Unable to click on object 'Object Repository/CreateUser/Page_Databox/span_Databoards' (Root cause: org.openqa.selenium.WebDriverException: unknown error: Element <span class="icon icon-boards">...</span> is not clickable at point (83, 96). Other element would receive the click: <div class="modal-overlay" data-ember-action="" data-ember-action-130="130"></div>
  (Session info: chrome=68.0.3440.106)
  (Driver info: chromedriver=2.35.528161 (5b82f2d2aae0ca24b877009200ced9065a772e73),platform=Windows NT 6.1.7601 SP1 x86_64) (WARNING: The server did not provide any stacktrace information)
Command duration or timeout: 0 milliseconds
Build info: version: '3.7.1', revision: '8a0099a', time: '2017-11-06T21:07:36.161Z'
System info: host: 'I3-PC', ip: '192.168.1.140', os.name: 'Windows 7', os.arch: 'amd64', os.version: '6.1', java.version: '1.8.0_102'
Driver info: com.kms.katalon.selenium.driver.CChromeDriver
Capabilities {acceptInsecureCerts: false, acceptSslCerts: false, applicationCacheEnabled: false, browserConnectionEnabled: false, browserName: chrome, chrome: {chromedriverVersion: 2.35.528161 (5b82f2d2aae0ca..., userDataDir: C:\Users\i3\AppData\Local\T...}, cssSelectorsEnabled: true, databaseEnabled: false, handlesAlerts: true, hasTouchScreen: false, javascriptEnabled: true, locationContextEnabled: true, mobileEmulationEnabled: false, nativeEvents: true, networkConnectionEnabled: false, pageLoadStrategy: normal, platform: XP, platformName: XP, rotatable: false, setWindowRect: true, takesHeapSnapshot: true, takesScreenshot: true, unexpectedAlertBehaviour: , unhandledPromptBehavior: , version: 68.0.3440.106, webStorageEnabled: true}
Session ID: 375268950ea0870e181b1c645a36f557)

2018-08-14 12:55:27 - [MESSAGE][FAILED] - Unable to click on object 'Object Repository/CreateUser/Page_Databox/span_Databoards' (Root cause: org.openqa.selenium.WebDriverException: unknown error: Element <span class="icon icon-boards">...</span> is not clickable at point (83, 96). Other element would receive the click: <div class="modal-overlay" data-ember-action="" data-ember-action-130="130"></div>
  (Session info: chrome=68.0.3440.106)
  (Driver info: chromedriver=2.35.528161 (5b82f2d2aae0ca24b877009200ced9065a772e73),platform=Windows NT 6.1.7601 SP1 x86_64) (WARNING: The server did not provide any stacktrace information)
Command duration or timeout: 0 milliseconds
Build info: version: '3.7.1', revision: '8a0099a', time: '2017-11-06T21:07:36.161Z'
System info: host: 'I3-PC', ip: '192.168.1.140', os.name: 'Windows 7', os.arch: 'amd64', os.version: '6.1', java.version: '1.8.0_102'
Driver info: com.kms.katalon.selenium.driver.CChromeDriver
Capabilities {acceptInsecureCerts: false, acceptSslCerts: false, applicationCacheEnabled: false, browserConnectionEnabled: false, browserName: chrome, chrome: {chromedriverVersion: 2.35.528161 (5b82f2d2aae0ca..., userDataDir: C:\Users\i3\AppData\Local\T...}, cssSelectorsEnabled: true, databaseEnabled: false, handlesAlerts: true, hasTouchScreen: false, javascriptEnabled: true, locationContextEnabled: true, mobileEmulationEnabled: false, nativeEvents: true, networkConnectionEnabled: false, pageLoadStrategy: normal, platform: XP, platformName: XP, rotatable: false, setWindowRect: true, takesHeapSnapshot: true, takesScreenshot: true, unexpectedAlertBehaviour: , unhandledPromptBehavior: , version: 68.0.3440.106, webStorageEnabled: true}
Session ID: 375268950ea0870e181b1c645a36f557)
[[ATTACHMENT|C:\\Users\\i3\\Katalon Studio\\Databox_Katalon\\Reports\\CreateUser_DeleteUser\\20180814_125505\\1534244126926.png]]]]></system-out>
         <system-err><![CDATA[2018-08-14 12:55:17 - [TEST_CASE][FAILED] - Test Cases/CreateUser: Test Cases/CreateUser FAILED because (of) Unable to click on object 'Object Repository/CreateUser/Page_Databox/span_Databoards' (Root cause: org.openqa.selenium.WebDriverException: unknown error: Element <span class="icon icon-boards">...</span> is not clickable at point (83, 96). Other element would receive the click: <div class="modal-overlay" data-ember-action="" data-ember-action-130="130"></div>
  (Session info: chrome=68.0.3440.106)
  (Driver info: chromedriver=2.35.528161 (5b82f2d2aae0ca24b877009200ced9065a772e73),platform=Windows NT 6.1.7601 SP1 x86_64) (WARNING: The server did not provide any stacktrace information)
Command duration or timeout: 0 milliseconds
Build info: version: '3.7.1', revision: '8a0099a', time: '2017-11-06T21:07:36.161Z'
System info: host: 'I3-PC', ip: '192.168.1.140', os.name: 'Windows 7', os.arch: 'amd64', os.version: '6.1', java.version: '1.8.0_102'
Driver info: com.kms.katalon.selenium.driver.CChromeDriver
Capabilities {acceptInsecureCerts: false, acceptSslCerts: false, applicationCacheEnabled: false, browserConnectionEnabled: false, browserName: chrome, chrome: {chromedriverVersion: 2.35.528161 (5b82f2d2aae0ca..., userDataDir: C:\Users\i3\AppData\Local\T...}, cssSelectorsEnabled: true, databaseEnabled: false, handlesAlerts: true, hasTouchScreen: false, javascriptEnabled: true, locationContextEnabled: true, mobileEmulationEnabled: false, nativeEvents: true, networkConnectionEnabled: false, pageLoadStrategy: normal, platform: XP, platformName: XP, rotatable: false, setWindowRect: true, takesHeapSnapshot: true, takesScreenshot: true, unexpectedAlertBehaviour: , unhandledPromptBehavior: , version: 68.0.3440.106, webStorageEnabled: true}
Session ID: 375268950ea0870e181b1c645a36f557)]]></system-err>
      </testcase>
      <testcase name="Test Cases/DeleteUser" classname="Test Cases/DeleteUser" status="PASSED">
         <system-out><![CDATA[2018-08-14 12:55:27 - [TEST_CASE][PASSED] - Test Cases/DeleteUser: Test Cases/DeleteUser

2018-08-14 12:55:27 - [TEST_STEP][PASSED] - click: Object: 'Object Repository/DeleteUser/Page_Databox/a_KN        Account' is clicked on

2018-08-14 12:55:28 - [MESSAGE][PASSED] - Object: 'Object Repository/DeleteUser/Page_Databox/a_KN        Account' is clicked on

2018-08-14 12:55:28 - [TEST_STEP][PASSED] - click: Object: 'Object Repository/DeleteUser/Page_Databox/a_User Management' is clicked on

2018-08-14 12:55:28 - [MESSAGE][PASSED] - Object: 'Object Repository/DeleteUser/Page_Databox/a_User Management' is clicked on

2018-08-14 12:55:28 - [TEST_STEP][PASSED] - click: Object: 'Object Repository/DeleteUser/Page_Databox/span_icon icon-arrow-down' is clicked on

2018-08-14 12:55:28 - [MESSAGE][PASSED] - Object: 'Object Repository/DeleteUser/Page_Databox/span_icon icon-arrow-down' is clicked on

2018-08-14 12:55:28 - [TEST_STEP][PASSED] - click: Object: 'Object Repository/DeleteUser/Page_Databox/a_Delete' is clicked on

2018-08-14 12:55:33 - [MESSAGE][PASSED] - Object: 'Object Repository/DeleteUser/Page_Databox/a_Delete' is clicked on

2018-08-14 12:55:33 - [TEST_STEP][PASSED] - click: Object: 'Object Repository/DeleteUser/Page_Databox/span_Confirm' is clicked on

2018-08-14 12:55:33 - [MESSAGE][PASSED] - Object: 'Object Repository/DeleteUser/Page_Databox/span_Confirm' is clicked on]]></system-out>
         <system-err><![CDATA[]]></system-err>
      </testcase>
      <system-out><![CDATA[2018-08-14 12:55:07 - [TEST_SUITE][FAILED] - CreateUser_DeleteUser: Test Cases/CreateUser FAILED because (of) Unable to click on object 'Object Repository/CreateUser/Page_Databox/span_Databoards' (Root cause: org.openqa.selenium.WebDriverException: unknown error: Element <span class="icon icon-boards">...</span> is not clickable at point (83, 96). Other element would receive the click: <div class="modal-overlay" data-ember-action="" data-ember-action-130="130"></div>
  (Session info: chrome=68.0.3440.106)
  (Driver info: chromedriver=2.35.528161 (5b82f2d2aae0ca24b877009200ced9065a772e73),platform=Windows NT 6.1.7601 SP1 x86_64) (WARNING: The server did not provide any stacktrace information)
Command duration or timeout: 0 milliseconds
Build info: version: '3.7.1', revision: '8a0099a', time: '2017-11-06T21:07:36.161Z'
System info: host: 'I3-PC', ip: '192.168.1.140', os.name: 'Windows 7', os.arch: 'amd64', os.version: '6.1', java.version: '1.8.0_102'
Driver info: com.kms.katalon.selenium.driver.CChromeDriver
Capabilities {acceptInsecureCerts: false, acceptSslCerts: false, applicationCacheEnabled: false, browserConnectionEnabled: false, browserName: chrome, chrome: {chromedriverVersion: 2.35.528161 (5b82f2d2aae0ca..., userDataDir: C:\Users\i3\AppData\Local\T...}, cssSelectorsEnabled: true, databaseEnabled: false, handlesAlerts: true, hasTouchScreen: false, javascriptEnabled: true, locationContextEnabled: true, mobileEmulationEnabled: false, nativeEvents: true, networkConnectionEnabled: false, pageLoadStrategy: normal, platform: XP, platformName: XP, rotatable: false, setWindowRect: true, takesHeapSnapshot: true, takesScreenshot: true, unexpectedAlertBehaviour: , unhandledPromptBehavior: , version: 68.0.3440.106, webStorageEnabled: true}
Session ID: 375268950ea0870e181b1c645a36f557)]]></system-out>
      <system-err><![CDATA[2018-08-14 12:55:07 - [TEST_SUITE][FAILED] - CreateUser_DeleteUser: Test Cases/CreateUser FAILED because (of) Unable to click on object 'Object Repository/CreateUser/Page_Databox/span_Databoards' (Root cause: org.openqa.selenium.WebDriverException: unknown error: Element <span class="icon icon-boards">...</span> is not clickable at point (83, 96). Other element would receive the click: <div class="modal-overlay" data-ember-action="" data-ember-action-130="130"></div>
  (Session info: chrome=68.0.3440.106)
  (Driver info: chromedriver=2.35.528161 (5b82f2d2aae0ca24b877009200ced9065a772e73),platform=Windows NT 6.1.7601 SP1 x86_64) (WARNING: The server did not provide any stacktrace information)
Command duration or timeout: 0 milliseconds
Build info: version: '3.7.1', revision: '8a0099a', time: '2017-11-06T21:07:36.161Z'
System info: host: 'I3-PC', ip: '192.168.1.140', os.name: 'Windows 7', os.arch: 'amd64', os.version: '6.1', java.version: '1.8.0_102'
Driver info: com.kms.katalon.selenium.driver.CChromeDriver
Capabilities {acceptInsecureCerts: false, acceptSslCerts: false, applicationCacheEnabled: false, browserConnectionEnabled: false, browserName: chrome, chrome: {chromedriverVersion: 2.35.528161 (5b82f2d2aae0ca..., userDataDir: C:\Users\i3\AppData\Local\T...}, cssSelectorsEnabled: true, databaseEnabled: false, handlesAlerts: true, hasTouchScreen: false, javascriptEnabled: true, locationContextEnabled: true, mobileEmulationEnabled: false, nativeEvents: true, networkConnectionEnabled: false, pageLoadStrategy: normal, platform: XP, platformName: XP, rotatable: false, setWindowRect: true, takesHeapSnapshot: true, takesScreenshot: true, unexpectedAlertBehaviour: , unhandledPromptBehavior: , version: 68.0.3440.106, webStorageEnabled: true}
Session ID: 375268950ea0870e181b1c645a36f557)]]></system-err>
   </testsuite>
</testsuites>
