{"devicePlatform":"","logFolder":"C:\\Users\\i3\\Katalon Studio\\Databox_Katalon\\Reports\\CreateUser_DeleteUser\\20180814_141056","runData":{"hostName":"i3 - i3-PC","os":"Windows 7 64bit","katalonVersion":"5.6.0.1","browser":"Chrome 68.0.3440.106","hostAddress":"192.168.1.140","sessionId":"5570555eadc17a863d242d002a9b426b","seleniumVersion":"3.7.1","proxyInformation":"ProxyInformation{proxyOption\u003dNO_PROXY, proxyServerType\u003dHTTP, password\u003d, proxyServerAddress\u003d, proxyServerPort\u003d0}","platform":"Windows 7"},"type":"TEST_SUITE","name":"CreateUser_DeleteUser","id":"Test Suites/CreateUser_DeleteUser","source":"","message":"Test Cases/DeleteUser FAILED because (of) Unable to click on object \u0027Object Repository/DeleteUser/Page_Databox/span_icon icon-arrow-down\u0027 (Root cause: org.openqa.selenium.InvalidSelectorException: invalid selector: Unable to locate an element with the xpath expression *div[@class\u003d\"settings\"]/a[1]/span[@class\u003d\"icon icon-arrow-down\"] | //*[@class \u003d \u0027icon icon-arrow-down\u0027] | //span because of the following error:\nSyntaxError: Failed to execute \u0027evaluate\u0027 on \u0027Document\u0027: The string \u0027*div[@class\u003d\"settings\"]/a[1]/span[@class\u003d\"icon icon-arrow-down\"] | //*[@class \u003d \u0027icon icon-arrow-down\u0027] | //span\u0027 is not a valid XPath expression.\n  (Session info: chrome\u003d68.0.3440.106)\n  (Driver info: chromedriver\u003d2.35.528161 (5b82f2d2aae0ca24b877009200ced9065a772e73),platform\u003dWindows NT 6.1.7601 SP1 x86_64) (WARNING: The server did not provide any stacktrace information)\nCommand duration or timeout: 0 milliseconds\nFor documentation on this error, please visit: http://seleniumhq.org/exceptions/invalid_selector_exception.html\nBuild info: version: \u00273.7.1\u0027, revision: \u00278a0099a\u0027, time: \u00272017-11-06T21:07:36.161Z\u0027\nSystem info: host: \u0027I3-PC\u0027, ip: \u0027192.168.1.140\u0027, os.name: \u0027Windows 7\u0027, os.arch: \u0027amd64\u0027, os.version: \u00276.1\u0027, java.version: \u00271.8.0_102\u0027\nDriver info: com.kms.katalon.selenium.driver.CChromeDriver\nCapabilities {acceptInsecureCerts: false, acceptSslCerts: false, applicationCacheEnabled: false, browserConnectionEnabled: false, browserName: chrome, chrome: {chromedriverVersion: 2.35.528161 (5b82f2d2aae0ca..., userDataDir: C:\\Users\\i3\\AppData\\Local\\T...}, cssSelectorsEnabled: true, databaseEnabled: false, handlesAlerts: true, hasTouchScreen: false, javascriptEnabled: true, locationContextEnabled: true, mobileEmulationEnabled: false, nativeEvents: true, networkConnectionEnabled: false, pageLoadStrategy: normal, platform: XP, platformName: XP, rotatable: false, setWindowRect: true, takesHeapSnapshot: true, takesScreenshot: true, unexpectedAlertBehaviour: , unhandledPromptBehavior: , version: 68.0.3440.106, webStorageEnabled: true}\nSession ID: 5570555eadc17a863d242d002a9b426b\n*** Element info: {Using\u003dxpath, value\u003d*div[@class\u003d\"settings\"]/a[1]/span[@class\u003d\"icon icon-arrow-down\"] | //*[@class \u003d \u0027icon icon-arrow-down\u0027] | //span})","description":"","startTime":1534248658967,"endTime":1534248696139,"childRecords":[{"isOptional":false,"type":"TEST_CASE","name":"Test Cases/LoginAccountCompany","id":"Test Cases/LoginAccountCompany","source":"C:\\\\Users\\\\i3\\\\Katalon Studio\\\\Databox_Katalon\\\\Test Cases\\\\LoginAccountCompany.tc","message":"Test Cases/LoginAccountCompany","description":"","startTime":1534248659469,"endTime":1534248668290,"childRecords":[{"testStatus":{"stackTrace":"","statusValue":"INFO"},"type":"MESSAGE","name":"","message":"Evaluating variables for test case","startTime":1534248659509,"endTime":0,"childRecords":[],"interuppted":false},{"index":1,"isIgnoredIfFailed":false,"type":"TEST_STEP","name":"openBrowser","message":"Browser is opened with url: \u0027\u0027","description":"","startTime":1534248660028,"endTime":1534248664303,"childRecords":[{"testStatus":{"stackTrace":"","statusValue":"PASSED"},"type":"MESSAGE","name":"","message":"Browser is opened with url: \u0027\u0027","startTime":1534248664302,"endTime":0,"childRecords":[],"interuppted":false}],"interuppted":false},{"index":2,"isIgnoredIfFailed":false,"type":"TEST_STEP","name":"navigateToUrl","message":"Navigate to \u0027https://app.databox.com/\u0027 successfully","description":"","startTime":1534248664304,"endTime":1534248666658,"childRecords":[{"testStatus":{"stackTrace":"","statusValue":"PASSED"},"type":"MESSAGE","name":"","message":"Navigate to \u0027https://app.databox.com/\u0027 successfully","startTime":1534248666657,"endTime":0,"childRecords":[],"interuppted":false}],"interuppted":false},{"index":3,"isIgnoredIfFailed":false,"type":"TEST_STEP","name":"setText","message":"Text \u0027mihael+katalontest@databox.com\u0027 is set on object \u0027Object Repository/LoginAccountCompany/Page_Databox/input_email\u0027","description":"","startTime":1534248666659,"endTime":1534248667315,"childRecords":[{"testStatus":{"stackTrace":"","statusValue":"PASSED"},"type":"MESSAGE","name":"","message":"Text \u0027mihael+katalontest@databox.com\u0027 is set on object \u0027Object Repository/LoginAccountCompany/Page_Databox/input_email\u0027","startTime":1534248667314,"endTime":0,"childRecords":[],"interuppted":false}],"interuppted":false},{"index":4,"isIgnoredIfFailed":false,"type":"TEST_STEP","name":"setEncryptedText","message":"Text ****** has been set on object \u0027Object Repository/LoginAccountCompany/Page_Databox/input_password\u0027","description":"","startTime":1534248667315,"endTime":1534248668049,"childRecords":[{"testStatus":{"stackTrace":"","statusValue":"PASSED"},"type":"MESSAGE","name":"","message":"Text ****** has been set on object \u0027Object Repository/LoginAccountCompany/Page_Databox/input_password\u0027","startTime":1534248668048,"endTime":0,"childRecords":[],"interuppted":false}],"interuppted":false},{"index":5,"isIgnoredIfFailed":false,"type":"TEST_STEP","name":"click","message":"Object: \u0027Object Repository/LoginAccountCompany/Page_Databox/button_Sign in\u0027 is clicked on","description":"","startTime":1534248668049,"endTime":1534248668287,"childRecords":[{"testStatus":{"stackTrace":"","statusValue":"PASSED"},"type":"MESSAGE","name":"","message":"Object: \u0027Object Repository/LoginAccountCompany/Page_Databox/button_Sign in\u0027 is clicked on","startTime":1534248668286,"endTime":0,"childRecords":[],"interuppted":false}],"interuppted":false},{"testStatus":{"stackTrace":"","statusValue":"PASSED"},"type":"MESSAGE","name":"","message":"Test Cases/LoginAccountCompany","startTime":1534248668287,"endTime":0,"childRecords":[],"interuppted":false}],"interuppted":false},{"isOptional":false,"type":"TEST_CASE","name":"Test Cases/CreateUser","id":"Test Cases/CreateUser","source":"C:\\\\Users\\\\i3\\\\Katalon Studio\\\\Databox_Katalon\\\\Test Cases\\\\CreateUser.tc","message":"Test Cases/CreateUser","description":"","startTime":1534248668295,"endTime":1534248684352,"childRecords":[{"testStatus":{"stackTrace":"","statusValue":"INFO"},"type":"MESSAGE","name":"","message":"Evaluating variables for test case","startTime":1534248668313,"endTime":0,"childRecords":[],"interuppted":false},{"index":1,"isIgnoredIfFailed":false,"type":"TEST_STEP","name":"click","message":"Object: \u0027Object Repository/CreateUser/Page_Databox/a_KN        Account\u0027 is clicked on","description":"","startTime":1534248668624,"endTime":1534248675905,"childRecords":[{"testStatus":{"stackTrace":"","statusValue":"PASSED"},"type":"MESSAGE","name":"","message":"Object: \u0027Object Repository/CreateUser/Page_Databox/a_KN        Account\u0027 is clicked on","startTime":1534248675903,"endTime":0,"childRecords":[],"interuppted":false}],"interuppted":false},{"index":2,"isIgnoredIfFailed":false,"type":"TEST_STEP","name":"click","message":"Object: \u0027Object Repository/CreateUser/Page_Databox/a_User Management\u0027 is clicked on","description":"","startTime":1534248675906,"endTime":1534248676598,"childRecords":[{"testStatus":{"stackTrace":"","statusValue":"PASSED"},"type":"MESSAGE","name":"","message":"Object: \u0027Object Repository/CreateUser/Page_Databox/a_User Management\u0027 is clicked on","startTime":1534248676597,"endTime":0,"childRecords":[],"interuppted":false}],"interuppted":false},{"index":3,"isIgnoredIfFailed":false,"type":"TEST_STEP","name":"click","message":"Object: \u0027Object Repository/CreateUser/Page_Databox/a_New user\u0027 is clicked on","description":"","startTime":1534248676599,"endTime":1534248676971,"childRecords":[{"testStatus":{"stackTrace":"","statusValue":"PASSED"},"type":"MESSAGE","name":"","message":"Object: \u0027Object Repository/CreateUser/Page_Databox/a_New user\u0027 is clicked on","startTime":1534248676970,"endTime":0,"childRecords":[],"interuppted":false}],"interuppted":false},{"index":4,"isIgnoredIfFailed":false,"type":"TEST_STEP","name":"setText","message":"Text \u0027user 2\u0027 is set on object \u0027Object Repository/CreateUser/Page_Databox/input_name\u0027","description":"","startTime":1534248676971,"endTime":1534248678038,"childRecords":[{"testStatus":{"stackTrace":"","statusValue":"PASSED"},"type":"MESSAGE","name":"","message":"Text \u0027user 2\u0027 is set on object \u0027Object Repository/CreateUser/Page_Databox/input_name\u0027","startTime":1534248678037,"endTime":0,"childRecords":[],"interuppted":false}],"interuppted":false},{"index":5,"isIgnoredIfFailed":false,"type":"TEST_STEP","name":"setText","message":"Text \u0027mihael+user2katalon@databox.com\u0027 is set on object \u0027Object Repository/CreateUser/Page_Databox/input_email\u0027","description":"","startTime":1534248678038,"endTime":1534248678958,"childRecords":[{"testStatus":{"stackTrace":"","statusValue":"PASSED"},"type":"MESSAGE","name":"","message":"Text \u0027mihael+user2katalon@databox.com\u0027 is set on object \u0027Object Repository/CreateUser/Page_Databox/input_email\u0027","startTime":1534248678957,"endTime":0,"childRecords":[],"interuppted":false}],"interuppted":false},{"index":6,"isIgnoredIfFailed":false,"type":"TEST_STEP","name":"click","message":"Object: \u0027Object Repository/CreateUser/Page_Databox/a_Send invitation\u0027 is clicked on","description":"","startTime":1534248678959,"endTime":1534248679141,"childRecords":[{"testStatus":{"stackTrace":"","statusValue":"PASSED"},"type":"MESSAGE","name":"","message":"Object: \u0027Object Repository/CreateUser/Page_Databox/a_Send invitation\u0027 is clicked on","startTime":1534248679140,"endTime":0,"childRecords":[],"interuppted":false}],"interuppted":false},{"index":7,"isIgnoredIfFailed":false,"type":"TEST_STEP","name":"verifyElementPresent","message":"Object \u0027Object Repository/CreateUser/Page_Databox/strong_User 2\u0027 is present","description":"","startTime":1534248679141,"endTime":1534248680952,"childRecords":[{"testStatus":{"stackTrace":"","statusValue":"PASSED"},"type":"MESSAGE","name":"","message":"Object \u0027Object Repository/CreateUser/Page_Databox/strong_User 2\u0027 is present","startTime":1534248680951,"endTime":0,"childRecords":[],"interuppted":false}],"interuppted":false},{"index":8,"isIgnoredIfFailed":false,"type":"TEST_STEP","name":"delay","message":"Delayed 3 second(s)","description":"","startTime":1534248680952,"endTime":1534248683988,"childRecords":[{"testStatus":{"stackTrace":"","statusValue":"PASSED"},"type":"MESSAGE","name":"","message":"Delayed 3 second(s)","startTime":1534248683987,"endTime":0,"childRecords":[],"interuppted":false}],"interuppted":false},{"index":9,"isIgnoredIfFailed":false,"type":"TEST_STEP","name":"click","message":"Object: \u0027Object Repository/CreateUser/Page_Databox/span_icon icon-databox-logo\u0027 is clicked on","description":"","startTime":1534248683989,"endTime":1534248684310,"childRecords":[{"testStatus":{"stackTrace":"","statusValue":"PASSED"},"type":"MESSAGE","name":"","message":"Object: \u0027Object Repository/CreateUser/Page_Databox/span_icon icon-databox-logo\u0027 is clicked on","startTime":1534248684309,"endTime":0,"childRecords":[],"interuppted":false}],"interuppted":false},{"index":10,"isIgnoredIfFailed":false,"type":"TEST_STEP","name":"verifyElementPresent","message":"Object \u0027Object Repository/CreateUser/Page_Databox/strong_Start here to create yo\u0027 is present","description":"","startTime":1534248684310,"endTime":1534248684351,"childRecords":[{"testStatus":{"stackTrace":"","statusValue":"PASSED"},"type":"MESSAGE","name":"","message":"Object \u0027Object Repository/CreateUser/Page_Databox/strong_Start here to create yo\u0027 is present","startTime":1534248684351,"endTime":0,"childRecords":[],"interuppted":false}],"interuppted":false},{"testStatus":{"stackTrace":"","statusValue":"PASSED"},"type":"MESSAGE","name":"","message":"Test Cases/CreateUser","startTime":1534248684351,"endTime":0,"childRecords":[],"interuppted":false}],"interuppted":false},{"isOptional":false,"type":"TEST_CASE","name":"Test Cases/DeleteUser","id":"Test Cases/DeleteUser","source":"C:\\\\Users\\\\i3\\\\Katalon Studio\\\\Databox_Katalon\\\\Test Cases\\\\DeleteUser.tc","message":"Test Cases/DeleteUser FAILED because (of) Unable to click on object \u0027Object Repository/DeleteUser/Page_Databox/span_icon icon-arrow-down\u0027 (Root cause: org.openqa.selenium.InvalidSelectorException: invalid selector: Unable to locate an element with the xpath expression *div[@class\u003d\"settings\"]/a[1]/span[@class\u003d\"icon icon-arrow-down\"] | //*[@class \u003d \u0027icon icon-arrow-down\u0027] | //span because of the following error:\nSyntaxError: Failed to execute \u0027evaluate\u0027 on \u0027Document\u0027: The string \u0027*div[@class\u003d\"settings\"]/a[1]/span[@class\u003d\"icon icon-arrow-down\"] | //*[@class \u003d \u0027icon icon-arrow-down\u0027] | //span\u0027 is not a valid XPath expression.\n  (Session info: chrome\u003d68.0.3440.106)\n  (Driver info: chromedriver\u003d2.35.528161 (5b82f2d2aae0ca24b877009200ced9065a772e73),platform\u003dWindows NT 6.1.7601 SP1 x86_64) (WARNING: The server did not provide any stacktrace information)\nCommand duration or timeout: 0 milliseconds\nFor documentation on this error, please visit: http://seleniumhq.org/exceptions/invalid_selector_exception.html\nBuild info: version: \u00273.7.1\u0027, revision: \u00278a0099a\u0027, time: \u00272017-11-06T21:07:36.161Z\u0027\nSystem info: host: \u0027I3-PC\u0027, ip: \u0027192.168.1.140\u0027, os.name: \u0027Windows 7\u0027, os.arch: \u0027amd64\u0027, os.version: \u00276.1\u0027, java.version: \u00271.8.0_102\u0027\nDriver info: com.kms.katalon.selenium.driver.CChromeDriver\nCapabilities {acceptInsecureCerts: false, acceptSslCerts: false, applicationCacheEnabled: false, browserConnectionEnabled: false, browserName: chrome, chrome: {chromedriverVersion: 2.35.528161 (5b82f2d2aae0ca..., userDataDir: C:\\Users\\i3\\AppData\\Local\\T...}, cssSelectorsEnabled: true, databaseEnabled: false, handlesAlerts: true, hasTouchScreen: false, javascriptEnabled: true, locationContextEnabled: true, mobileEmulationEnabled: false, nativeEvents: true, networkConnectionEnabled: false, pageLoadStrategy: normal, platform: XP, platformName: XP, rotatable: false, setWindowRect: true, takesHeapSnapshot: true, takesScreenshot: true, unexpectedAlertBehaviour: , unhandledPromptBehavior: , version: 68.0.3440.106, webStorageEnabled: true}\nSession ID: 5570555eadc17a863d242d002a9b426b\n*** Element info: {Using\u003dxpath, value\u003d*div[@class\u003d\"settings\"]/a[1]/span[@class\u003d\"icon icon-arrow-down\"] | //*[@class \u003d \u0027icon icon-arrow-down\u0027] | //span})","description":"","startTime":1534248684355,"endTime":1534248696139,"childRecords":[{"testStatus":{"stackTrace":"","statusValue":"INFO"},"type":"MESSAGE","name":"","message":"Evaluating variables for test case","startTime":1534248684366,"endTime":0,"childRecords":[],"interuppted":false},{"index":1,"isIgnoredIfFailed":false,"type":"TEST_STEP","name":"click","message":"Object: \u0027Object Repository/DeleteUser/Page_Databox/a_KN        Account\u0027 is clicked on","description":"","startTime":1534248684580,"endTime":1534248684732,"childRecords":[{"testStatus":{"stackTrace":"","statusValue":"PASSED"},"type":"MESSAGE","name":"","message":"Object: \u0027Object Repository/DeleteUser/Page_Databox/a_KN        Account\u0027 is clicked on","startTime":1534248684731,"endTime":0,"childRecords":[],"interuppted":false}],"interuppted":false},{"index":2,"isIgnoredIfFailed":false,"type":"TEST_STEP","name":"click","message":"Object: \u0027Object Repository/DeleteUser/Page_Databox/a_User Management\u0027 is clicked on","description":"","startTime":1534248684733,"endTime":1534248685090,"childRecords":[{"testStatus":{"stackTrace":"","statusValue":"PASSED"},"type":"MESSAGE","name":"","message":"Object: \u0027Object Repository/DeleteUser/Page_Databox/a_User Management\u0027 is clicked on","startTime":1534248685089,"endTime":0,"childRecords":[],"interuppted":false}],"interuppted":false},{"attachment":"1534248695683.png","index":3,"isIgnoredIfFailed":false,"type":"TEST_STEP","name":"click","message":"Unable to click on object \u0027Object Repository/DeleteUser/Page_Databox/span_icon icon-arrow-down\u0027 (Root cause: org.openqa.selenium.InvalidSelectorException: invalid selector: Unable to locate an element with the xpath expression *div[@class\u003d\"settings\"]/a[1]/span[@class\u003d\"icon icon-arrow-down\"] | //*[@class \u003d \u0027icon icon-arrow-down\u0027] | //span because of the following error:\nSyntaxError: Failed to execute \u0027evaluate\u0027 on \u0027Document\u0027: The string \u0027*div[@class\u003d\"settings\"]/a[1]/span[@class\u003d\"icon icon-arrow-down\"] | //*[@class \u003d \u0027icon icon-arrow-down\u0027] | //span\u0027 is not a valid XPath expression.\n  (Session info: chrome\u003d68.0.3440.106)\n  (Driver info: chromedriver\u003d2.35.528161 (5b82f2d2aae0ca24b877009200ced9065a772e73),platform\u003dWindows NT 6.1.7601 SP1 x86_64) (WARNING: The server did not provide any stacktrace information)\nCommand duration or timeout: 0 milliseconds\nFor documentation on this error, please visit: http://seleniumhq.org/exceptions/invalid_selector_exception.html\nBuild info: version: \u00273.7.1\u0027, revision: \u00278a0099a\u0027, time: \u00272017-11-06T21:07:36.161Z\u0027\nSystem info: host: \u0027I3-PC\u0027, ip: \u0027192.168.1.140\u0027, os.name: \u0027Windows 7\u0027, os.arch: \u0027amd64\u0027, os.version: \u00276.1\u0027, java.version: \u00271.8.0_102\u0027\nDriver info: com.kms.katalon.selenium.driver.CChromeDriver\nCapabilities {acceptInsecureCerts: false, acceptSslCerts: false, applicationCacheEnabled: false, browserConnectionEnabled: false, browserName: chrome, chrome: {chromedriverVersion: 2.35.528161 (5b82f2d2aae0ca..., userDataDir: C:\\Users\\i3\\AppData\\Local\\T...}, cssSelectorsEnabled: true, databaseEnabled: false, handlesAlerts: true, hasTouchScreen: false, javascriptEnabled: true, locationContextEnabled: true, mobileEmulationEnabled: false, nativeEvents: true, networkConnectionEnabled: false, pageLoadStrategy: normal, platform: XP, platformName: XP, rotatable: false, setWindowRect: true, takesHeapSnapshot: true, takesScreenshot: true, unexpectedAlertBehaviour: , unhandledPromptBehavior: , version: 68.0.3440.106, webStorageEnabled: true}\nSession ID: 5570555eadc17a863d242d002a9b426b\n*** Element info: {Using\u003dxpath, value\u003d*div[@class\u003d\"settings\"]/a[1]/span[@class\u003d\"icon icon-arrow-down\"] | //*[@class \u003d \u0027icon icon-arrow-down\u0027] | //span})","description":"","startTime":1534248685090,"endTime":1534248696137,"childRecords":[{"testStatus":{"stackTrace":"","statusValue":"FAILED"},"attachment":"1534248695683.png","type":"MESSAGE","name":"","message":"Unable to click on object \u0027Object Repository/DeleteUser/Page_Databox/span_icon icon-arrow-down\u0027 (Root cause: org.openqa.selenium.InvalidSelectorException: invalid selector: Unable to locate an element with the xpath expression *div[@class\u003d\"settings\"]/a[1]/span[@class\u003d\"icon icon-arrow-down\"] | //*[@class \u003d \u0027icon icon-arrow-down\u0027] | //span because of the following error:\nSyntaxError: Failed to execute \u0027evaluate\u0027 on \u0027Document\u0027: The string \u0027*div[@class\u003d\"settings\"]/a[1]/span[@class\u003d\"icon icon-arrow-down\"] | //*[@class \u003d \u0027icon icon-arrow-down\u0027] | //span\u0027 is not a valid XPath expression.\n  (Session info: chrome\u003d68.0.3440.106)\n  (Driver info: chromedriver\u003d2.35.528161 (5b82f2d2aae0ca24b877009200ced9065a772e73),platform\u003dWindows NT 6.1.7601 SP1 x86_64) (WARNING: The server did not provide any stacktrace information)\nCommand duration or timeout: 0 milliseconds\nFor documentation on this error, please visit: http://seleniumhq.org/exceptions/invalid_selector_exception.html\nBuild info: version: \u00273.7.1\u0027, revision: \u00278a0099a\u0027, time: \u00272017-11-06T21:07:36.161Z\u0027\nSystem info: host: \u0027I3-PC\u0027, ip: \u0027192.168.1.140\u0027, os.name: \u0027Windows 7\u0027, os.arch: \u0027amd64\u0027, os.version: \u00276.1\u0027, java.version: \u00271.8.0_102\u0027\nDriver info: com.kms.katalon.selenium.driver.CChromeDriver\nCapabilities {acceptInsecureCerts: false, acceptSslCerts: false, applicationCacheEnabled: false, browserConnectionEnabled: false, browserName: chrome, chrome: {chromedriverVersion: 2.35.528161 (5b82f2d2aae0ca..., userDataDir: C:\\Users\\i3\\AppData\\Local\\T...}, cssSelectorsEnabled: true, databaseEnabled: false, handlesAlerts: true, hasTouchScreen: false, javascriptEnabled: true, locationContextEnabled: true, mobileEmulationEnabled: false, nativeEvents: true, networkConnectionEnabled: false, pageLoadStrategy: normal, platform: XP, platformName: XP, rotatable: false, setWindowRect: true, takesHeapSnapshot: true, takesScreenshot: true, unexpectedAlertBehaviour: , unhandledPromptBehavior: , version: 68.0.3440.106, webStorageEnabled: true}\nSession ID: 5570555eadc17a863d242d002a9b426b\n*** Element info: {Using\u003dxpath, value\u003d*div[@class\u003d\"settings\"]/a[1]/span[@class\u003d\"icon icon-arrow-down\"] | //*[@class \u003d \u0027icon icon-arrow-down\u0027] | //span})","startTime":1534248696136,"endTime":0,"childRecords":[],"interuppted":false}],"interuppted":false},{"testStatus":{"stackTrace":"","statusValue":"FAILED"},"type":"MESSAGE","name":"","message":"Test Cases/DeleteUser FAILED because (of) Unable to click on object \u0027Object Repository/DeleteUser/Page_Databox/span_icon icon-arrow-down\u0027 (Root cause: org.openqa.selenium.InvalidSelectorException: invalid selector: Unable to locate an element with the xpath expression *div[@class\u003d\"settings\"]/a[1]/span[@class\u003d\"icon icon-arrow-down\"] | //*[@class \u003d \u0027icon icon-arrow-down\u0027] | //span because of the following error:\nSyntaxError: Failed to execute \u0027evaluate\u0027 on \u0027Document\u0027: The string \u0027*div[@class\u003d\"settings\"]/a[1]/span[@class\u003d\"icon icon-arrow-down\"] | //*[@class \u003d \u0027icon icon-arrow-down\u0027] | //span\u0027 is not a valid XPath expression.\n  (Session info: chrome\u003d68.0.3440.106)\n  (Driver info: chromedriver\u003d2.35.528161 (5b82f2d2aae0ca24b877009200ced9065a772e73),platform\u003dWindows NT 6.1.7601 SP1 x86_64) (WARNING: The server did not provide any stacktrace information)\nCommand duration or timeout: 0 milliseconds\nFor documentation on this error, please visit: http://seleniumhq.org/exceptions/invalid_selector_exception.html\nBuild info: version: \u00273.7.1\u0027, revision: \u00278a0099a\u0027, time: \u00272017-11-06T21:07:36.161Z\u0027\nSystem info: host: \u0027I3-PC\u0027, ip: \u0027192.168.1.140\u0027, os.name: \u0027Windows 7\u0027, os.arch: \u0027amd64\u0027, os.version: \u00276.1\u0027, java.version: \u00271.8.0_102\u0027\nDriver info: com.kms.katalon.selenium.driver.CChromeDriver\nCapabilities {acceptInsecureCerts: false, acceptSslCerts: false, applicationCacheEnabled: false, browserConnectionEnabled: false, browserName: chrome, chrome: {chromedriverVersion: 2.35.528161 (5b82f2d2aae0ca..., userDataDir: C:\\Users\\i3\\AppData\\Local\\T...}, cssSelectorsEnabled: true, databaseEnabled: false, handlesAlerts: true, hasTouchScreen: false, javascriptEnabled: true, locationContextEnabled: true, mobileEmulationEnabled: false, nativeEvents: true, networkConnectionEnabled: false, pageLoadStrategy: normal, platform: XP, platformName: XP, rotatable: false, setWindowRect: true, takesHeapSnapshot: true, takesScreenshot: true, unexpectedAlertBehaviour: , unhandledPromptBehavior: , version: 68.0.3440.106, webStorageEnabled: true}\nSession ID: 5570555eadc17a863d242d002a9b426b\n*** Element info: {Using\u003dxpath, value\u003d*div[@class\u003d\"settings\"]/a[1]/span[@class\u003d\"icon icon-arrow-down\"] | //*[@class \u003d \u0027icon icon-arrow-down\u0027] | //span})","startTime":1534248696137,"endTime":0,"childRecords":[],"interuppted":false}],"interuppted":false}],"interuppted":false}