{"devicePlatform":"","logFolder":"C:\\Users\\i3\\Katalon Studio\\Databox_Katalon\\Reports\\CreateUser_DeleteUser\\20180814_122823","runData":{"hostName":"i3 - i3-PC","os":"Windows 7 64bit","katalonVersion":"5.6.0.1","browser":"Chrome 68.0.3440.106","hostAddress":"192.168.1.140","sessionId":"7cb0b39b95e7c0a46c777db4098e036b","seleniumVersion":"3.7.1","proxyInformation":"ProxyInformation{proxyOption\u003dNO_PROXY, proxyServerType\u003dHTTP, password\u003d, proxyServerAddress\u003d, proxyServerPort\u003d0}","platform":"Windows 7"},"type":"TEST_SUITE","name":"CreateUser_DeleteUser","id":"Test Suites/CreateUser_DeleteUser","source":"","message":"Test Cases/DeleteUser FAILED because (of) Unable to click on object \u0027Object Repository/DeleteUser/Page_Databox/a_KN        Account\u0027 (Root cause: org.openqa.selenium.WebDriverException: unknown error: Element \u003ca data-ember-action\u003d\"\" data-ember-action-62\u003d\"62\"\u003e...\u003c/a\u003e is not clickable at point (934, 38). Other element would receive the click: \u003cdiv class\u003d\"modal-overlay\" data-ember-action\u003d\"\" data-ember-action-130\u003d\"130\"\u003e\u003c/div\u003e\n  (Session info: chrome\u003d68.0.3440.106)\n  (Driver info: chromedriver\u003d2.35.528161 (5b82f2d2aae0ca24b877009200ced9065a772e73),platform\u003dWindows NT 6.1.7601 SP1 x86_64) (WARNING: The server did not provide any stacktrace information)\nCommand duration or timeout: 0 milliseconds\nBuild info: version: \u00273.7.1\u0027, revision: \u00278a0099a\u0027, time: \u00272017-11-06T21:07:36.161Z\u0027\nSystem info: host: \u0027I3-PC\u0027, ip: \u0027192.168.1.140\u0027, os.name: \u0027Windows 7\u0027, os.arch: \u0027amd64\u0027, os.version: \u00276.1\u0027, java.version: \u00271.8.0_102\u0027\nDriver info: com.kms.katalon.selenium.driver.CChromeDriver\nCapabilities {acceptInsecureCerts: false, acceptSslCerts: false, applicationCacheEnabled: false, browserConnectionEnabled: false, browserName: chrome, chrome: {chromedriverVersion: 2.35.528161 (5b82f2d2aae0ca..., userDataDir: C:\\Users\\i3\\AppData\\Local\\T...}, cssSelectorsEnabled: true, databaseEnabled: false, handlesAlerts: true, hasTouchScreen: false, javascriptEnabled: true, locationContextEnabled: true, mobileEmulationEnabled: false, nativeEvents: true, networkConnectionEnabled: false, pageLoadStrategy: normal, platform: XP, platformName: XP, rotatable: false, setWindowRect: true, takesHeapSnapshot: true, takesScreenshot: true, unexpectedAlertBehaviour: , unhandledPromptBehavior: , version: 68.0.3440.106, webStorageEnabled: true}\nSession ID: 7cb0b39b95e7c0a46c777db4098e036b)","description":"","startTime":1534242506115,"endTime":1534242526723,"childRecords":[{"isOptional":false,"type":"TEST_CASE","name":"Test Cases/LoginAccountCompany","id":"Test Cases/LoginAccountCompany","source":"C:\\\\Users\\\\i3\\\\Katalon Studio\\\\Databox_Katalon\\\\Test Cases\\\\LoginAccountCompany.tc","message":"Test Cases/LoginAccountCompany","description":"","startTime":1534242506700,"endTime":1534242514499,"childRecords":[{"testStatus":{"stackTrace":"","statusValue":"INFO"},"type":"MESSAGE","name":"","message":"Evaluating variables for test case","startTime":1534242506748,"endTime":0,"childRecords":[],"interuppted":false},{"index":1,"isIgnoredIfFailed":false,"type":"TEST_STEP","name":"openBrowser","message":"Browser is opened with url: \u0027\u0027","description":"","startTime":1534242507182,"endTime":1534242511052,"childRecords":[{"testStatus":{"stackTrace":"","statusValue":"PASSED"},"type":"MESSAGE","name":"","message":"Browser is opened with url: \u0027\u0027","startTime":1534242511051,"endTime":0,"childRecords":[],"interuppted":false}],"interuppted":false},{"index":2,"isIgnoredIfFailed":false,"type":"TEST_STEP","name":"navigateToUrl","message":"Navigate to \u0027https://app.databox.com/\u0027 successfully","description":"","startTime":1534242511053,"endTime":1534242513120,"childRecords":[{"testStatus":{"stackTrace":"","statusValue":"PASSED"},"type":"MESSAGE","name":"","message":"Navigate to \u0027https://app.databox.com/\u0027 successfully","startTime":1534242513119,"endTime":0,"childRecords":[],"interuppted":false}],"interuppted":false},{"index":3,"isIgnoredIfFailed":false,"type":"TEST_STEP","name":"setText","message":"Text \u0027mihael+katalontest@databox.com\u0027 is set on object \u0027Object Repository/LoginAccountCompany/Page_Databox/input_email\u0027","description":"","startTime":1534242513121,"endTime":1534242513670,"childRecords":[{"testStatus":{"stackTrace":"","statusValue":"PASSED"},"type":"MESSAGE","name":"","message":"Text \u0027mihael+katalontest@databox.com\u0027 is set on object \u0027Object Repository/LoginAccountCompany/Page_Databox/input_email\u0027","startTime":1534242513669,"endTime":0,"childRecords":[],"interuppted":false}],"interuppted":false},{"index":4,"isIgnoredIfFailed":false,"type":"TEST_STEP","name":"setEncryptedText","message":"Text ****** has been set on object \u0027Object Repository/LoginAccountCompany/Page_Databox/input_password\u0027","description":"","startTime":1534242513670,"endTime":1534242514279,"childRecords":[{"testStatus":{"stackTrace":"","statusValue":"PASSED"},"type":"MESSAGE","name":"","message":"Text ****** has been set on object \u0027Object Repository/LoginAccountCompany/Page_Databox/input_password\u0027","startTime":1534242514278,"endTime":0,"childRecords":[],"interuppted":false}],"interuppted":false},{"index":5,"isIgnoredIfFailed":false,"type":"TEST_STEP","name":"click","message":"Object: \u0027Object Repository/LoginAccountCompany/Page_Databox/button_Sign in\u0027 is clicked on","description":"","startTime":1534242514279,"endTime":1534242514497,"childRecords":[{"testStatus":{"stackTrace":"","statusValue":"PASSED"},"type":"MESSAGE","name":"","message":"Object: \u0027Object Repository/LoginAccountCompany/Page_Databox/button_Sign in\u0027 is clicked on","startTime":1534242514496,"endTime":0,"childRecords":[],"interuppted":false}],"interuppted":false},{"testStatus":{"stackTrace":"","statusValue":"PASSED"},"type":"MESSAGE","name":"","message":"Test Cases/LoginAccountCompany","startTime":1534242514498,"endTime":0,"childRecords":[],"interuppted":false}],"interuppted":false},{"isOptional":false,"type":"TEST_CASE","name":"Test Cases/CreateUser","id":"Test Cases/CreateUser","source":"C:\\\\Users\\\\i3\\\\Katalon Studio\\\\Databox_Katalon\\\\Test Cases\\\\CreateUser.tc","message":"Test Cases/CreateUser","description":"","startTime":1534242514504,"endTime":1534242524464,"childRecords":[{"testStatus":{"stackTrace":"","statusValue":"INFO"},"type":"MESSAGE","name":"","message":"Evaluating variables for test case","startTime":1534242514530,"endTime":0,"childRecords":[],"interuppted":false},{"index":1,"isIgnoredIfFailed":false,"type":"TEST_STEP","name":"click","message":"Object: \u0027Object Repository/CreateUser/Page_Databox/a_KN        Account\u0027 is clicked on","description":"","startTime":1534242514798,"endTime":1534242520612,"childRecords":[{"testStatus":{"stackTrace":"","statusValue":"PASSED"},"type":"MESSAGE","name":"","message":"Object: \u0027Object Repository/CreateUser/Page_Databox/a_KN        Account\u0027 is clicked on","startTime":1534242520611,"endTime":0,"childRecords":[],"interuppted":false}],"interuppted":false},{"index":2,"isIgnoredIfFailed":false,"type":"TEST_STEP","name":"click","message":"Object: \u0027Object Repository/CreateUser/Page_Databox/a_User Management\u0027 is clicked on","description":"","startTime":1534242520612,"endTime":1534242521265,"childRecords":[{"testStatus":{"stackTrace":"","statusValue":"PASSED"},"type":"MESSAGE","name":"","message":"Object: \u0027Object Repository/CreateUser/Page_Databox/a_User Management\u0027 is clicked on","startTime":1534242521264,"endTime":0,"childRecords":[],"interuppted":false}],"interuppted":false},{"index":3,"isIgnoredIfFailed":false,"type":"TEST_STEP","name":"click","message":"Object: \u0027Object Repository/CreateUser/Page_Databox/a_New user\u0027 is clicked on","description":"","startTime":1534242521265,"endTime":1534242521454,"childRecords":[{"testStatus":{"stackTrace":"","statusValue":"PASSED"},"type":"MESSAGE","name":"","message":"Object: \u0027Object Repository/CreateUser/Page_Databox/a_New user\u0027 is clicked on","startTime":1534242521453,"endTime":0,"childRecords":[],"interuppted":false}],"interuppted":false},{"index":4,"isIgnoredIfFailed":false,"type":"TEST_STEP","name":"setText","message":"Text \u0027user 2\u0027 is set on object \u0027Object Repository/CreateUser/Page_Databox/input_name\u0027","description":"","startTime":1534242521454,"endTime":1534242522370,"childRecords":[{"testStatus":{"stackTrace":"","statusValue":"PASSED"},"type":"MESSAGE","name":"","message":"Text \u0027user 2\u0027 is set on object \u0027Object Repository/CreateUser/Page_Databox/input_name\u0027","startTime":1534242522369,"endTime":0,"childRecords":[],"interuppted":false}],"interuppted":false},{"index":5,"isIgnoredIfFailed":false,"type":"TEST_STEP","name":"setText","message":"Text \u0027mihael+user2katalon@databox.com\u0027 is set on object \u0027Object Repository/CreateUser/Page_Databox/input_email\u0027","description":"","startTime":1534242522370,"endTime":1534242523199,"childRecords":[{"testStatus":{"stackTrace":"","statusValue":"PASSED"},"type":"MESSAGE","name":"","message":"Text \u0027mihael+user2katalon@databox.com\u0027 is set on object \u0027Object Repository/CreateUser/Page_Databox/input_email\u0027","startTime":1534242523199,"endTime":0,"childRecords":[],"interuppted":false}],"interuppted":false},{"index":6,"isIgnoredIfFailed":false,"type":"TEST_STEP","name":"click","message":"Object: \u0027Object Repository/CreateUser/Page_Databox/a_Send invitation\u0027 is clicked on","description":"","startTime":1534242523200,"endTime":1534242523370,"childRecords":[{"testStatus":{"stackTrace":"","statusValue":"PASSED"},"type":"MESSAGE","name":"","message":"Object: \u0027Object Repository/CreateUser/Page_Databox/a_Send invitation\u0027 is clicked on","startTime":1534242523369,"endTime":0,"childRecords":[],"interuppted":false}],"interuppted":false},{"index":7,"isIgnoredIfFailed":false,"type":"TEST_STEP","name":"verifyElementPresent","message":"Object \u0027Object Repository/CreateUser/Page_Databox/strong_User 2\u0027 is present","description":"","startTime":1534242523371,"endTime":1534242524463,"childRecords":[{"testStatus":{"stackTrace":"","statusValue":"PASSED"},"type":"MESSAGE","name":"","message":"Object \u0027Object Repository/CreateUser/Page_Databox/strong_User 2\u0027 is present","startTime":1534242524463,"endTime":0,"childRecords":[],"interuppted":false}],"interuppted":false},{"testStatus":{"stackTrace":"","statusValue":"PASSED"},"type":"MESSAGE","name":"","message":"Test Cases/CreateUser","startTime":1534242524463,"endTime":0,"childRecords":[],"interuppted":false}],"interuppted":false},{"isOptional":false,"type":"TEST_CASE","name":"Test Cases/DeleteUser","id":"Test Cases/DeleteUser","source":"C:\\\\Users\\\\i3\\\\Katalon Studio\\\\Databox_Katalon\\\\Test Cases\\\\DeleteUser.tc","message":"Test Cases/DeleteUser FAILED because (of) Unable to click on object \u0027Object Repository/DeleteUser/Page_Databox/a_KN        Account\u0027 (Root cause: org.openqa.selenium.WebDriverException: unknown error: Element \u003ca data-ember-action\u003d\"\" data-ember-action-62\u003d\"62\"\u003e...\u003c/a\u003e is not clickable at point (934, 38). Other element would receive the click: \u003cdiv class\u003d\"modal-overlay\" data-ember-action\u003d\"\" data-ember-action-130\u003d\"130\"\u003e\u003c/div\u003e\n  (Session info: chrome\u003d68.0.3440.106)\n  (Driver info: chromedriver\u003d2.35.528161 (5b82f2d2aae0ca24b877009200ced9065a772e73),platform\u003dWindows NT 6.1.7601 SP1 x86_64) (WARNING: The server did not provide any stacktrace information)\nCommand duration or timeout: 0 milliseconds\nBuild info: version: \u00273.7.1\u0027, revision: \u00278a0099a\u0027, time: \u00272017-11-06T21:07:36.161Z\u0027\nSystem info: host: \u0027I3-PC\u0027, ip: \u0027192.168.1.140\u0027, os.name: \u0027Windows 7\u0027, os.arch: \u0027amd64\u0027, os.version: \u00276.1\u0027, java.version: \u00271.8.0_102\u0027\nDriver info: com.kms.katalon.selenium.driver.CChromeDriver\nCapabilities {acceptInsecureCerts: false, acceptSslCerts: false, applicationCacheEnabled: false, browserConnectionEnabled: false, browserName: chrome, chrome: {chromedriverVersion: 2.35.528161 (5b82f2d2aae0ca..., userDataDir: C:\\Users\\i3\\AppData\\Local\\T...}, cssSelectorsEnabled: true, databaseEnabled: false, handlesAlerts: true, hasTouchScreen: false, javascriptEnabled: true, locationContextEnabled: true, mobileEmulationEnabled: false, nativeEvents: true, networkConnectionEnabled: false, pageLoadStrategy: normal, platform: XP, platformName: XP, rotatable: false, setWindowRect: true, takesHeapSnapshot: true, takesScreenshot: true, unexpectedAlertBehaviour: , unhandledPromptBehavior: , version: 68.0.3440.106, webStorageEnabled: true}\nSession ID: 7cb0b39b95e7c0a46c777db4098e036b)","description":"","startTime":1534242524467,"endTime":1534242526028,"childRecords":[{"testStatus":{"stackTrace":"","statusValue":"INFO"},"type":"MESSAGE","name":"","message":"Evaluating variables for test case","startTime":1534242524476,"endTime":0,"childRecords":[],"interuppted":false},{"attachment":"1534242525606.png","index":1,"isIgnoredIfFailed":false,"type":"TEST_STEP","name":"click","message":"Unable to click on object \u0027Object Repository/DeleteUser/Page_Databox/a_KN        Account\u0027 (Root cause: org.openqa.selenium.WebDriverException: unknown error: Element \u003ca data-ember-action\u003d\"\" data-ember-action-62\u003d\"62\"\u003e...\u003c/a\u003e is not clickable at point (934, 38). Other element would receive the click: \u003cdiv class\u003d\"modal-overlay\" data-ember-action\u003d\"\" data-ember-action-130\u003d\"130\"\u003e\u003c/div\u003e\n  (Session info: chrome\u003d68.0.3440.106)\n  (Driver info: chromedriver\u003d2.35.528161 (5b82f2d2aae0ca24b877009200ced9065a772e73),platform\u003dWindows NT 6.1.7601 SP1 x86_64) (WARNING: The server did not provide any stacktrace information)\nCommand duration or timeout: 0 milliseconds\nBuild info: version: \u00273.7.1\u0027, revision: \u00278a0099a\u0027, time: \u00272017-11-06T21:07:36.161Z\u0027\nSystem info: host: \u0027I3-PC\u0027, ip: \u0027192.168.1.140\u0027, os.name: \u0027Windows 7\u0027, os.arch: \u0027amd64\u0027, os.version: \u00276.1\u0027, java.version: \u00271.8.0_102\u0027\nDriver info: com.kms.katalon.selenium.driver.CChromeDriver\nCapabilities {acceptInsecureCerts: false, acceptSslCerts: false, applicationCacheEnabled: false, browserConnectionEnabled: false, browserName: chrome, chrome: {chromedriverVersion: 2.35.528161 (5b82f2d2aae0ca..., userDataDir: C:\\Users\\i3\\AppData\\Local\\T...}, cssSelectorsEnabled: true, databaseEnabled: false, handlesAlerts: true, hasTouchScreen: false, javascriptEnabled: true, locationContextEnabled: true, mobileEmulationEnabled: false, nativeEvents: true, networkConnectionEnabled: false, pageLoadStrategy: normal, platform: XP, platformName: XP, rotatable: false, setWindowRect: true, takesHeapSnapshot: true, takesScreenshot: true, unexpectedAlertBehaviour: , unhandledPromptBehavior: , version: 68.0.3440.106, webStorageEnabled: true}\nSession ID: 7cb0b39b95e7c0a46c777db4098e036b)","description":"","startTime":1534242524727,"endTime":1534242525975,"childRecords":[{"testStatus":{"stackTrace":"","statusValue":"FAILED"},"attachment":"1534242525606.png","type":"MESSAGE","name":"","message":"Unable to click on object \u0027Object Repository/DeleteUser/Page_Databox/a_KN        Account\u0027 (Root cause: org.openqa.selenium.WebDriverException: unknown error: Element \u003ca data-ember-action\u003d\"\" data-ember-action-62\u003d\"62\"\u003e...\u003c/a\u003e is not clickable at point (934, 38). Other element would receive the click: \u003cdiv class\u003d\"modal-overlay\" data-ember-action\u003d\"\" data-ember-action-130\u003d\"130\"\u003e\u003c/div\u003e\n  (Session info: chrome\u003d68.0.3440.106)\n  (Driver info: chromedriver\u003d2.35.528161 (5b82f2d2aae0ca24b877009200ced9065a772e73),platform\u003dWindows NT 6.1.7601 SP1 x86_64) (WARNING: The server did not provide any stacktrace information)\nCommand duration or timeout: 0 milliseconds\nBuild info: version: \u00273.7.1\u0027, revision: \u00278a0099a\u0027, time: \u00272017-11-06T21:07:36.161Z\u0027\nSystem info: host: \u0027I3-PC\u0027, ip: \u0027192.168.1.140\u0027, os.name: \u0027Windows 7\u0027, os.arch: \u0027amd64\u0027, os.version: \u00276.1\u0027, java.version: \u00271.8.0_102\u0027\nDriver info: com.kms.katalon.selenium.driver.CChromeDriver\nCapabilities {acceptInsecureCerts: false, acceptSslCerts: false, applicationCacheEnabled: false, browserConnectionEnabled: false, browserName: chrome, chrome: {chromedriverVersion: 2.35.528161 (5b82f2d2aae0ca..., userDataDir: C:\\Users\\i3\\AppData\\Local\\T...}, cssSelectorsEnabled: true, databaseEnabled: false, handlesAlerts: true, hasTouchScreen: false, javascriptEnabled: true, locationContextEnabled: true, mobileEmulationEnabled: false, nativeEvents: true, networkConnectionEnabled: false, pageLoadStrategy: normal, platform: XP, platformName: XP, rotatable: false, setWindowRect: true, takesHeapSnapshot: true, takesScreenshot: true, unexpectedAlertBehaviour: , unhandledPromptBehavior: , version: 68.0.3440.106, webStorageEnabled: true}\nSession ID: 7cb0b39b95e7c0a46c777db4098e036b)","startTime":1534242525974,"endTime":0,"childRecords":[],"interuppted":false}],"interuppted":false},{"testStatus":{"stackTrace":"","statusValue":"FAILED"},"type":"MESSAGE","name":"","message":"Test Cases/DeleteUser FAILED because (of) Unable to click on object \u0027Object Repository/DeleteUser/Page_Databox/a_KN        Account\u0027 (Root cause: org.openqa.selenium.WebDriverException: unknown error: Element \u003ca data-ember-action\u003d\"\" data-ember-action-62\u003d\"62\"\u003e...\u003c/a\u003e is not clickable at point (934, 38). Other element would receive the click: \u003cdiv class\u003d\"modal-overlay\" data-ember-action\u003d\"\" data-ember-action-130\u003d\"130\"\u003e\u003c/div\u003e\n  (Session info: chrome\u003d68.0.3440.106)\n  (Driver info: chromedriver\u003d2.35.528161 (5b82f2d2aae0ca24b877009200ced9065a772e73),platform\u003dWindows NT 6.1.7601 SP1 x86_64) (WARNING: The server did not provide any stacktrace information)\nCommand duration or timeout: 0 milliseconds\nBuild info: version: \u00273.7.1\u0027, revision: \u00278a0099a\u0027, time: \u00272017-11-06T21:07:36.161Z\u0027\nSystem info: host: \u0027I3-PC\u0027, ip: \u0027192.168.1.140\u0027, os.name: \u0027Windows 7\u0027, os.arch: \u0027amd64\u0027, os.version: \u00276.1\u0027, java.version: \u00271.8.0_102\u0027\nDriver info: com.kms.katalon.selenium.driver.CChromeDriver\nCapabilities {acceptInsecureCerts: false, acceptSslCerts: false, applicationCacheEnabled: false, browserConnectionEnabled: false, browserName: chrome, chrome: {chromedriverVersion: 2.35.528161 (5b82f2d2aae0ca..., userDataDir: C:\\Users\\i3\\AppData\\Local\\T...}, cssSelectorsEnabled: true, databaseEnabled: false, handlesAlerts: true, hasTouchScreen: false, javascriptEnabled: true, locationContextEnabled: true, mobileEmulationEnabled: false, nativeEvents: true, networkConnectionEnabled: false, pageLoadStrategy: normal, platform: XP, platformName: XP, rotatable: false, setWindowRect: true, takesHeapSnapshot: true, takesScreenshot: true, unexpectedAlertBehaviour: , unhandledPromptBehavior: , version: 68.0.3440.106, webStorageEnabled: true}\nSession ID: 7cb0b39b95e7c0a46c777db4098e036b)","startTime":1534242525975,"endTime":0,"childRecords":[],"interuppted":false}],"interuppted":false}],"interuppted":false}