<?xml version="1.0" encoding="UTF-8"?>
<testsuites name="VerifyElementsPresent" time="17" tests="1" failures="1" errors="0">
   <testsuite name="VerifyElementsPresent" tests="1" failures="1" errors="0" time="17" timestamp="2018-08-14 10:58:55" hostname="i3 - i3-PC" id="Test Suites/VerifyElementsPresent">
      <properties>
         <property name="deviceName" value=""/>
         <property name="devicePlatform" value=""/>
         <property name="logFolder" value="C:\\Users\\i3\\Katalon Studio\\Databox_Katalon\\Reports\\VerifyElementsPresent\\20180814_105853"/>
         <property name="logFiles" value="C:\\Users\\i3\\Katalon Studio\\Databox_Katalon\\Reports\\VerifyElementsPresent\\20180814_105853\\execution0.log"/>
         <property name="attachments" value="C:\\Users\\i3\\Katalon Studio\\Databox_Katalon\\Reports\\VerifyElementsPresent\\20180814_105853\\1534237152398.png"/>
         <property name="hostName" value="i3 - i3-PC"/>
         <property name="os" value="Windows 7 64bit"/>
         <property name="katalonVersion" value="5.6.0.1"/>
         <property name="browser" value="Chrome 68.0.3440.106"/>
         <property name="hostAddress" value="192.168.1.140"/>
         <property name="sessionId" value="bc7b1dc97a808765537626b3b14563d6"/>
         <property name="seleniumVersion" value="3.7.1"/>
         <property name="proxyInformation" value="ProxyInformation{proxyOption=NO_PROXY, proxyServerType=HTTP, password=, proxyServerAddress=, proxyServerPort=0}"/>
         <property name="platform" value="Windows 7"/>
      </properties>
      <testcase name="Test Cases/LoginAccountCompany" classname="Test Cases/LoginAccountCompany" status="PASSED">
         <system-out><![CDATA[2018-08-14 10:58:56 - [TEST_CASE][PASSED] - Test Cases/LoginAccountCompany: Test Cases/LoginAccountCompany

2018-08-14 10:58:56 - [TEST_STEP][PASSED] - openBrowser: Browser is opened with url: ''

2018-08-14 10:59:01 - [MESSAGE][PASSED] - Browser is opened with url: ''

2018-08-14 10:59:01 - [TEST_STEP][PASSED] - navigateToUrl: Navigate to 'https://app.databox.com/' successfully

2018-08-14 10:59:03 - [MESSAGE][PASSED] - Navigate to 'https://app.databox.com/' successfully

2018-08-14 10:59:03 - [TEST_STEP][PASSED] - setText: Text 'mihael+katalontest@databox.com' is set on object 'Object Repository/LoginAccountCompany/Page_Databox/input_email'

2018-08-14 10:59:04 - [MESSAGE][PASSED] - Text 'mihael+katalontest@databox.com' is set on object 'Object Repository/LoginAccountCompany/Page_Databox/input_email'

2018-08-14 10:59:04 - [TEST_STEP][PASSED] - setEncryptedText: Text ****** has been set on object 'Object Repository/LoginAccountCompany/Page_Databox/input_password'

2018-08-14 10:59:04 - [MESSAGE][PASSED] - Text ****** has been set on object 'Object Repository/LoginAccountCompany/Page_Databox/input_password'

2018-08-14 10:59:04 - [TEST_STEP][PASSED] - click: Object: 'Object Repository/LoginAccountCompany/Page_Databox/button_Sign in' is clicked on

2018-08-14 10:59:05 - [MESSAGE][PASSED] - Object: 'Object Repository/LoginAccountCompany/Page_Databox/button_Sign in' is clicked on]]></system-out>
         <system-err><![CDATA[]]></system-err>
      </testcase>
      <testcase name="Test Cases/VerifyElementsPresent" classname="Test Cases/VerifyElementsPresent" status="FAILED">
         <failure type="FAILED" message="Unable to verify object is present (Root cause: java.lang.IllegalArgumentException: Object is null)"/>
         <system-out><![CDATA[2018-08-14 10:59:05 - [TEST_CASE][FAILED] - Test Cases/VerifyElementsPresent: Test Cases/VerifyElementsPresent FAILED because (of) Unable to verify object is present (Root cause: java.lang.IllegalArgumentException: Object is null)

2018-08-14 10:59:05 - [TEST_STEP][PASSED] - verifyElementPresent: Object 'Object Repository/VerifyElementPresent/Page_Databox/span_Databoards' is present

2018-08-14 10:59:12 - [MESSAGE][PASSED] - Object 'Object Repository/VerifyElementPresent/Page_Databox/span_Databoards' is present

2018-08-14 10:59:12 - [TEST_STEP][PASSED] - verifyElementPresent: Object 'Object Repository/VerifyElementPresent/Page_Databox/span_Goals' is present

2018-08-14 10:59:12 - [MESSAGE][PASSED] - Object 'Object Repository/VerifyElementPresent/Page_Databox/span_Goals' is present

2018-08-14 10:59:12 - [TEST_STEP][PASSED] - verifyElementPresent: Object 'Object Repository/VerifyElementPresent/Page_Databox/span_Templates' is present

2018-08-14 10:59:12 - [MESSAGE][PASSED] - Object 'Object Repository/VerifyElementPresent/Page_Databox/span_Templates' is present

2018-08-14 10:59:12 - [TEST_STEP][FAILED] - verifyElementPresent: Unable to verify object is present (Root cause: java.lang.IllegalArgumentException: Object is null)

2018-08-14 10:59:12 - [MESSAGE][WARNING] - Test object with id 'Object Repository/VerifyElementPresent/Page_Databox/span_Data_Manager' does not exist

2018-08-14 10:59:12 - [MESSAGE][WARNING] - Test object with id 'Object Repository/' does not exist

2018-08-14 10:59:12 - [MESSAGE][FAILED] - Unable to verify object is present (Root cause: java.lang.IllegalArgumentException: Object is null)
[[ATTACHMENT|C:\\Users\\i3\\Katalon Studio\\Databox_Katalon\\Reports\\VerifyElementsPresent\\20180814_105853\\1534237152398.png]]]]></system-out>
         <system-err><![CDATA[2018-08-14 10:59:05 - [TEST_CASE][FAILED] - Test Cases/VerifyElementsPresent: Test Cases/VerifyElementsPresent FAILED because (of) Unable to verify object is present (Root cause: java.lang.IllegalArgumentException: Object is null)]]></system-err>
      </testcase>
      <system-out><![CDATA[2018-08-14 10:58:55 - [TEST_SUITE][FAILED] - VerifyElementsPresent: Test Cases/VerifyElementsPresent FAILED because (of) Unable to verify object is present (Root cause: java.lang.IllegalArgumentException: Object is null)]]></system-out>
      <system-err><![CDATA[2018-08-14 10:58:55 - [TEST_SUITE][FAILED] - VerifyElementsPresent: Test Cases/VerifyElementsPresent FAILED because (of) Unable to verify object is present (Root cause: java.lang.IllegalArgumentException: Object is null)]]></system-err>
   </testsuite>
</testsuites>
